{"C:\\Users\\syler\\Desktop\\my_it_work\\backend\\server.js": {"path":"C:\\Users\\syler\\Desktop\\my_it_work\\backend\\server.js","statementMap":{"0":{"start":{"line":17,"column":12},"end":{"line":17,"column":21}},"1":{"start":{"line":18,"column":13},"end":{"line":18,"column":37}},"2":{"start":{"line":20,"column":0},"end":{"line":20,"column":16}},"3":{"start":{"line":21,"column":0},"end":{"line":21,"column":24}},"4":{"start":{"line":23,"column":0},"end":{"line":23,"column":46}},"5":{"start":{"line":24,"column":0},"end":{"line":24,"column":43}},"6":{"start":{"line":25,"column":0},"end":{"line":25,"column":44}},"7":{"start":{"line":26,"column":0},"end":{"line":26,"column":29}},"8":{"start":{"line":27,"column":0},"end":{"line":27,"column":31}},"9":{"start":{"line":28,"column":0},"end":{"line":28,"column":33}},"10":{"start":{"line":29,"column":0},"end":{"line":29,"column":31}},"11":{"start":{"line":30,"column":0},"end":{"line":30,"column":29}},"12":{"start":{"line":31,"column":0},"end":{"line":31,"column":35}},"13":{"start":{"line":33,"column":0},"end":{"line":33,"column":77}},"14":{"start":{"line":35,"column":15},"end":{"line":35,"column":37}},"15":{"start":{"line":37,"column":11},"end":{"line":42,"column":2}},"16":{"start":{"line":44,"column":0},"end":{"line":72,"column":3}},"17":{"start":{"line":45,"column":2},"end":{"line":45,"column":53}},"18":{"start":{"line":47,"column":2},"end":{"line":50,"column":5}},"19":{"start":{"line":48,"column":4},"end":{"line":48,"column":32}},"20":{"start":{"line":49,"column":4},"end":{"line":49,"column":75}},"21":{"start":{"line":52,"column":2},"end":{"line":67,"column":5}},"22":{"start":{"line":53,"column":21},"end":{"line":56,"column":5}},"23":{"start":{"line":58,"column":20},"end":{"line":64,"column":5}},"24":{"start":{"line":66,"column":4},"end":{"line":66,"column":60}},"25":{"start":{"line":69,"column":2},"end":{"line":71,"column":5}},"26":{"start":{"line":70,"column":4},"end":{"line":70,"column":55}},"27":{"start":{"line":75,"column":0},"end":{"line":78,"column":1}},"28":{"start":{"line":76,"column":2},"end":{"line":76,"column":73}},"29":{"start":{"line":76,"column":28},"end":{"line":76,"column":71}},"30":{"start":{"line":77,"column":2},"end":{"line":77,"column":74}},"31":{"start":{"line":77,"column":25},"end":{"line":77,"column":72}}},"fnMap":{"0":{"name":"(anonymous_0)","decl":{"start":{"line":44,"column":20},"end":{"line":44,"column":21}},"loc":{"start":{"line":44,"column":32},"end":{"line":72,"column":1}},"line":44},"1":{"name":"(anonymous_1)","decl":{"start":{"line":47,"column":33},"end":{"line":47,"column":34}},"loc":{"start":{"line":47,"column":53},"end":{"line":50,"column":3}},"line":47},"2":{"name":"(anonymous_2)","decl":{"start":{"line":52,"column":28},"end":{"line":52,"column":29}},"loc":{"start":{"line":52,"column":79},"end":{"line":67,"column":3}},"line":52},"3":{"name":"(anonymous_3)","decl":{"start":{"line":69,"column":26},"end":{"line":69,"column":27}},"loc":{"start":{"line":69,"column":32},"end":{"line":71,"column":3}},"line":69},"4":{"name":"(anonymous_4)","decl":{"start":{"line":76,"column":22},"end":{"line":76,"column":23}},"loc":{"start":{"line":76,"column":28},"end":{"line":76,"column":71}},"line":76},"5":{"name":"(anonymous_5)","decl":{"start":{"line":77,"column":19},"end":{"line":77,"column":20}},"loc":{"start":{"line":77,"column":25},"end":{"line":77,"column":72}},"line":77}},"branchMap":{"0":{"loc":{"start":{"line":18,"column":13},"end":{"line":18,"column":37}},"type":"binary-expr","locations":[{"start":{"line":18,"column":13},"end":{"line":18,"column":29}},{"start":{"line":18,"column":33},"end":{"line":18,"column":37}}],"line":18},"1":{"loc":{"start":{"line":75,"column":0},"end":{"line":78,"column":1}},"type":"if","locations":[{"start":{"line":75,"column":0},"end":{"line":78,"column":1}},{"start":{},"end":{}}],"line":75}},"s":{"0":3,"1":3,"2":3,"3":3,"4":3,"5":3,"6":3,"7":3,"8":3,"9":3,"10":3,"11":3,"12":3,"13":3,"14":3,"15":3,"16":3,"17":0,"18":0,"19":0,"20":0,"21":0,"22":0,"23":0,"24":0,"25":0,"26":0,"27":3,"28":0,"29":0,"30":0,"31":0},"f":{"0":0,"1":0,"2":0,"3":0,"4":0,"5":0},"b":{"0":[3,0],"1":[0,3]},"inputSourceMap":null,"_coverageSchema":"1a1c01bbd47fc00a2c39e90264f33305004495a9","hash":"534bff3fcb2e4ff074f8925bca175fd48d425a83"}
,"C:\\Users\\syler\\Desktop\\my_it_work\\backend\\src\\middleware\\authJwt.js": {"path":"C:\\Users\\syler\\Desktop\\my_it_work\\backend\\src\\middleware\\authJwt.js","statementMap":{"0":{"start":{"line":2,"column":19},"end":{"line":2,"column":41}},"1":{"start":{"line":4,"column":33},"end":{"line":20,"column":1}},"2":{"start":{"line":5,"column":21},"end":{"line":5,"column":46}},"3":{"start":{"line":6,"column":16},"end":{"line":6,"column":41}},"4":{"start":{"line":8,"column":2},"end":{"line":10,"column":3}},"5":{"start":{"line":9,"column":4},"end":{"line":9,"column":58}},"6":{"start":{"line":12,"column":2},"end":{"line":19,"column":5}},"7":{"start":{"line":13,"column":4},"end":{"line":15,"column":5}},"8":{"start":{"line":14,"column":6},"end":{"line":14,"column":68}},"9":{"start":{"line":17,"column":4},"end":{"line":17,"column":20}},"10":{"start":{"line":18,"column":4},"end":{"line":18,"column":11}},"11":{"start":{"line":21,"column":27},"end":{"line":28,"column":1}},"12":{"start":{"line":22,"column":2},"end":{"line":27,"column":4}},"13":{"start":{"line":23,"column":4},"end":{"line":25,"column":5}},"14":{"start":{"line":24,"column":6},"end":{"line":24,"column":63}},"15":{"start":{"line":26,"column":4},"end":{"line":26,"column":11}},"16":{"start":{"line":30,"column":23},"end":{"line":34,"column":1}},"17":{"start":{"line":31,"column":2},"end":{"line":32,"column":59}},"18":{"start":{"line":32,"column":4},"end":{"line":32,"column":59}},"19":{"start":{"line":33,"column":2},"end":{"line":33,"column":9}},"20":{"start":{"line":36,"column":26},"end":{"line":41,"column":1}},"21":{"start":{"line":37,"column":2},"end":{"line":39,"column":3}},"22":{"start":{"line":38,"column":4},"end":{"line":38,"column":59}},"23":{"start":{"line":40,"column":2},"end":{"line":40,"column":9}}},"fnMap":{"0":{"name":"(anonymous_0)","decl":{"start":{"line":4,"column":33},"end":{"line":4,"column":34}},"loc":{"start":{"line":4,"column":53},"end":{"line":20,"column":1}},"line":4},"1":{"name":"(anonymous_1)","decl":{"start":{"line":12,"column":32},"end":{"line":12,"column":33}},"loc":{"start":{"line":12,"column":47},"end":{"line":19,"column":3}},"line":12},"2":{"name":"(anonymous_2)","decl":{"start":{"line":21,"column":27},"end":{"line":21,"column":28}},"loc":{"start":{"line":21,"column":48},"end":{"line":28,"column":1}},"line":21},"3":{"name":"(anonymous_3)","decl":{"start":{"line":22,"column":9},"end":{"line":22,"column":10}},"loc":{"start":{"line":22,"column":29},"end":{"line":27,"column":3}},"line":22},"4":{"name":"(anonymous_4)","decl":{"start":{"line":30,"column":23},"end":{"line":30,"column":24}},"loc":{"start":{"line":30,"column":43},"end":{"line":34,"column":1}},"line":30},"5":{"name":"(anonymous_5)","decl":{"start":{"line":36,"column":26},"end":{"line":36,"column":27}},"loc":{"start":{"line":36,"column":46},"end":{"line":41,"column":1}},"line":36}},"branchMap":{"0":{"loc":{"start":{"line":8,"column":2},"end":{"line":10,"column":3}},"type":"if","locations":[{"start":{"line":8,"column":2},"end":{"line":10,"column":3}},{"start":{},"end":{}}],"line":8},"1":{"loc":{"start":{"line":13,"column":4},"end":{"line":15,"column":5}},"type":"if","locations":[{"start":{"line":13,"column":4},"end":{"line":15,"column":5}},{"start":{},"end":{}}],"line":13},"2":{"loc":{"start":{"line":23,"column":4},"end":{"line":25,"column":5}},"type":"if","locations":[{"start":{"line":23,"column":4},"end":{"line":25,"column":5}},{"start":{},"end":{}}],"line":23},"3":{"loc":{"start":{"line":23,"column":8},"end":{"line":23,"column":58}},"type":"binary-expr","locations":[{"start":{"line":23,"column":8},"end":{"line":23,"column":17}},{"start":{"line":23,"column":21},"end":{"line":23,"column":58}}],"line":23},"4":{"loc":{"start":{"line":31,"column":2},"end":{"line":32,"column":59}},"type":"if","locations":[{"start":{"line":31,"column":2},"end":{"line":32,"column":59}},{"start":{},"end":{}}],"line":31},"5":{"loc":{"start":{"line":37,"column":2},"end":{"line":39,"column":3}},"type":"if","locations":[{"start":{"line":37,"column":2},"end":{"line":39,"column":3}},{"start":{},"end":{}}],"line":37}},"s":{"0":3,"1":3,"2":5,"3":5,"4":5,"5":4,"6":1,"7":1,"8":1,"9":0,"10":0,"11":3,"12":135,"13":0,"14":0,"15":0,"16":3,"17":0,"18":0,"19":0,"20":3,"21":0,"22":0,"23":0},"f":{"0":5,"1":1,"2":135,"3":0,"4":0,"5":0},"b":{"0":[4,1],"1":[1,0],"2":[0,0],"3":[0,0],"4":[0,0],"5":[0,0]},"inputSourceMap":null,"_coverageSchema":"1a1c01bbd47fc00a2c39e90264f33305004495a9","hash":"80c837cbc9e9a492a9e0d7c3dfb59418000055df"}
,"C:\\Users\\syler\\Desktop\\my_it_work\\backend\\src\\middleware\\settingMiddleware.js": {"path":"C:\\Users\\syler\\Desktop\\my_it_work\\backend\\src\\middleware\\settingMiddleware.js","statementMap":{"0":{"start":{"line":4,"column":24},"end":{"line":21,"column":2}},"1":{"start":{"line":8,"column":4},"end":{"line":9,"column":73}},"2":{"start":{"line":8,"column":33},"end":{"line":8,"column":52}},"3":{"start":{"line":9,"column":9},"end":{"line":9,"column":73}},"4":{"start":{"line":9,"column":46},"end":{"line":9,"column":73}},"5":{"start":{"line":11,"column":4},"end":{"line":11,"column":68}},"6":{"start":{"line":11,"column":29},"end":{"line":11,"column":68}},"7":{"start":{"line":13,"column":4},"end":{"line":13,"column":18}},"8":{"start":{"line":16,"column":16},"end":{"line":16,"column":47}},"9":{"start":{"line":17,"column":4},"end":{"line":19,"column":48}},"10":{"start":{"line":17,"column":33},"end":{"line":17,"column":74}},"11":{"start":{"line":18,"column":9},"end":{"line":19,"column":48}},"12":{"start":{"line":19,"column":6},"end":{"line":19,"column":48}},"13":{"start":{"line":23,"column":30},"end":{"line":26,"column":2}},"14":{"start":{"line":28,"column":22},"end":{"line":38,"column":2}},"15":{"start":{"line":30,"column":16},"end":{"line":30,"column":37}},"16":{"start":{"line":31,"column":4},"end":{"line":31,"column":68}},"17":{"start":{"line":31,"column":29},"end":{"line":31,"column":68}},"18":{"start":{"line":32,"column":4},"end":{"line":32,"column":18}},"19":{"start":{"line":35,"column":16},"end":{"line":35,"column":47}},"20":{"start":{"line":36,"column":4},"end":{"line":36,"column":44}},"21":{"start":{"line":40,"column":28},"end":{"line":49,"column":2}},"22":{"start":{"line":44,"column":4},"end":{"line":46,"column":5}},"23":{"start":{"line":45,"column":6},"end":{"line":45,"column":48}},"24":{"start":{"line":47,"column":4},"end":{"line":47,"column":19}},"25":{"start":{"line":51,"column":20},"end":{"line":61,"column":2}},"26":{"start":{"line":53,"column":16},"end":{"line":53,"column":43}},"27":{"start":{"line":54,"column":4},"end":{"line":54,"column":68}},"28":{"start":{"line":54,"column":29},"end":{"line":54,"column":68}},"29":{"start":{"line":55,"column":4},"end":{"line":55,"column":18}},"30":{"start":{"line":58,"column":16},"end":{"line":58,"column":47}},"31":{"start":{"line":59,"column":4},"end":{"line":59,"column":50}},"32":{"start":{"line":63,"column":26},"end":{"line":72,"column":2}},"33":{"start":{"line":67,"column":4},"end":{"line":69,"column":5}},"34":{"start":{"line":68,"column":6},"end":{"line":68,"column":55}},"35":{"start":{"line":70,"column":4},"end":{"line":70,"column":19}}},"fnMap":{"0":{"name":"(anonymous_0)","decl":{"start":{"line":5,"column":15},"end":{"line":5,"column":16}},"loc":{"start":{"line":5,"column":34},"end":{"line":14,"column":3}},"line":5},"1":{"name":"(anonymous_1)","decl":{"start":{"line":15,"column":12},"end":{"line":15,"column":13}},"loc":{"start":{"line":15,"column":31},"end":{"line":20,"column":3}},"line":15},"2":{"name":"(anonymous_2)","decl":{"start":{"line":29,"column":15},"end":{"line":29,"column":16}},"loc":{"start":{"line":29,"column":34},"end":{"line":33,"column":3}},"line":29},"3":{"name":"(anonymous_3)","decl":{"start":{"line":34,"column":12},"end":{"line":34,"column":13}},"loc":{"start":{"line":34,"column":31},"end":{"line":37,"column":3}},"line":34},"4":{"name":"(anonymous_4)","decl":{"start":{"line":43,"column":14},"end":{"line":43,"column":15}},"loc":{"start":{"line":43,"column":33},"end":{"line":48,"column":3}},"line":43},"5":{"name":"(anonymous_5)","decl":{"start":{"line":52,"column":15},"end":{"line":52,"column":16}},"loc":{"start":{"line":52,"column":34},"end":{"line":56,"column":3}},"line":52},"6":{"name":"(anonymous_6)","decl":{"start":{"line":57,"column":12},"end":{"line":57,"column":13}},"loc":{"start":{"line":57,"column":31},"end":{"line":60,"column":3}},"line":57},"7":{"name":"(anonymous_7)","decl":{"start":{"line":66,"column":14},"end":{"line":66,"column":15}},"loc":{"start":{"line":66,"column":33},"end":{"line":71,"column":3}},"line":66}},"branchMap":{"0":{"loc":{"start":{"line":8,"column":4},"end":{"line":9,"column":73}},"type":"if","locations":[{"start":{"line":8,"column":4},"end":{"line":9,"column":73}},{"start":{"line":9,"column":9},"end":{"line":9,"column":73}}],"line":8},"1":{"loc":{"start":{"line":9,"column":9},"end":{"line":9,"column":73}},"type":"if","locations":[{"start":{"line":9,"column":9},"end":{"line":9,"column":73}},{"start":{},"end":{}}],"line":9},"2":{"loc":{"start":{"line":11,"column":4},"end":{"line":11,"column":68}},"type":"if","locations":[{"start":{"line":11,"column":4},"end":{"line":11,"column":68}},{"start":{},"end":{}}],"line":11},"3":{"loc":{"start":{"line":17,"column":4},"end":{"line":19,"column":48}},"type":"if","locations":[{"start":{"line":17,"column":4},"end":{"line":19,"column":48}},{"start":{"line":18,"column":9},"end":{"line":19,"column":48}}],"line":17},"4":{"loc":{"start":{"line":18,"column":9},"end":{"line":19,"column":48}},"type":"if","locations":[{"start":{"line":18,"column":9},"end":{"line":19,"column":48}},{"start":{},"end":{}}],"line":18},"5":{"loc":{"start":{"line":31,"column":4},"end":{"line":31,"column":68}},"type":"if","locations":[{"start":{"line":31,"column":4},"end":{"line":31,"column":68}},{"start":{},"end":{}}],"line":31},"6":{"loc":{"start":{"line":44,"column":4},"end":{"line":46,"column":5}},"type":"if","locations":[{"start":{"line":44,"column":4},"end":{"line":46,"column":5}},{"start":{},"end":{}}],"line":44},"7":{"loc":{"start":{"line":54,"column":4},"end":{"line":54,"column":68}},"type":"if","locations":[{"start":{"line":54,"column":4},"end":{"line":54,"column":68}},{"start":{},"end":{}}],"line":54},"8":{"loc":{"start":{"line":67,"column":4},"end":{"line":69,"column":5}},"type":"if","locations":[{"start":{"line":67,"column":4},"end":{"line":69,"column":5}},{"start":{},"end":{}}],"line":67}},"s":{"0":3,"1":0,"2":0,"3":0,"4":0,"5":0,"6":0,"7":0,"8":0,"9":0,"10":0,"11":0,"12":0,"13":3,"14":3,"15":0,"16":0,"17":0,"18":0,"19":0,"20":0,"21":3,"22":0,"23":0,"24":0,"25":3,"26":0,"27":0,"28":0,"29":0,"30":0,"31":0,"32":3,"33":0,"34":0,"35":0},"f":{"0":0,"1":0,"2":0,"3":0,"4":0,"5":0,"6":0,"7":0},"b":{"0":[0,0],"1":[0,0],"2":[0,0],"3":[0,0],"4":[0,0],"5":[0,0],"6":[0,0],"7":[0,0],"8":[0,0]},"inputSourceMap":null,"_coverageSchema":"1a1c01bbd47fc00a2c39e90264f33305004495a9","hash":"53e6d612812455f636726beca6aefbf1974a9432"}
,"C:\\Users\\syler\\Desktop\\my_it_work\\backend\\src\\routes\\adminRoutes.js": {"path":"C:\\Users\\syler\\Desktop\\my_it_work\\backend\\src\\routes\\adminRoutes.js","statementMap":{"0":{"start":{"line":7,"column":15},"end":{"line":7,"column":31}},"1":{"start":{"line":10,"column":15},"end":{"line":10,"column":63}},"2":{"start":{"line":11,"column":19},"end":{"line":14,"column":3}},"3":{"start":{"line":15,"column":17},"end":{"line":15,"column":48}},"4":{"start":{"line":16,"column":17},"end":{"line":16,"column":38}},"5":{"start":{"line":17,"column":2},"end":{"line":17,"column":44}},"6":{"start":{"line":20,"column":0},"end":{"line":65,"column":2}},"7":{"start":{"line":25,"column":4},"end":{"line":63,"column":5}},"8":{"start":{"line":26,"column":49},"end":{"line":26,"column":75}},"9":{"start":{"line":28,"column":21},"end":{"line":28,"column":78}},"10":{"start":{"line":29,"column":26},"end":{"line":29,"column":28}},"11":{"start":{"line":31,"column":6},"end":{"line":35,"column":7}},"12":{"start":{"line":32,"column":8},"end":{"line":32,"column":75}},"13":{"start":{"line":33,"column":21},"end":{"line":33,"column":34}},"14":{"start":{"line":34,"column":8},"end":{"line":34,"column":43}},"15":{"start":{"line":37,"column":27},"end":{"line":37,"column":72}},"16":{"start":{"line":38,"column":20},"end":{"line":38,"column":32}},"17":{"start":{"line":39,"column":25},"end":{"line":39,"column":52}},"18":{"start":{"line":41,"column":20},"end":{"line":45,"column":3}},"19":{"start":{"line":46,"column":25},"end":{"line":46,"column":27}},"20":{"start":{"line":48,"column":6},"end":{"line":52,"column":7}},"21":{"start":{"line":49,"column":8},"end":{"line":49,"column":74}},"22":{"start":{"line":50,"column":21},"end":{"line":50,"column":34}},"23":{"start":{"line":51,"column":8},"end":{"line":51,"column":42}},"24":{"start":{"line":54,"column":6},"end":{"line":54,"column":54}},"25":{"start":{"line":55,"column":6},"end":{"line":55,"column":40}},"26":{"start":{"line":57,"column":21},"end":{"line":57,"column":64}},"27":{"start":{"line":59,"column":6},"end":{"line":59,"column":67}},"28":{"start":{"line":61,"column":6},"end":{"line":61,"column":56}},"29":{"start":{"line":62,"column":6},"end":{"line":62,"column":54}},"30":{"start":{"line":67,"column":0},"end":{"line":95,"column":2}},"31":{"start":{"line":72,"column":4},"end":{"line":93,"column":5}},"32":{"start":{"line":73,"column":21},"end":{"line":73,"column":34}},"33":{"start":{"line":74,"column":50},"end":{"line":74,"column":58}},"34":{"start":{"line":76,"column":6},"end":{"line":78,"column":7}},"35":{"start":{"line":77,"column":8},"end":{"line":77,"column":73}},"36":{"start":{"line":80,"column":23},"end":{"line":83,"column":7}},"37":{"start":{"line":85,"column":6},"end":{"line":87,"column":7}},"38":{"start":{"line":86,"column":8},"end":{"line":86,"column":74}},"39":{"start":{"line":89,"column":6},"end":{"line":89,"column":64}},"40":{"start":{"line":91,"column":6},"end":{"line":91,"column":25}},"41":{"start":{"line":92,"column":6},"end":{"line":92,"column":54}},"42":{"start":{"line":96,"column":0},"end":{"line":110,"column":2}},"43":{"start":{"line":101,"column":4},"end":{"line":108,"column":5}},"44":{"start":{"line":102,"column":21},"end":{"line":102,"column":29}},"45":{"start":{"line":103,"column":6},"end":{"line":103,"column":69}},"46":{"start":{"line":104,"column":6},"end":{"line":104,"column":49}},"47":{"start":{"line":106,"column":6},"end":{"line":106,"column":25}},"48":{"start":{"line":107,"column":6},"end":{"line":107,"column":74}},"49":{"start":{"line":112,"column":0},"end":{"line":150,"column":2}},"50":{"start":{"line":117,"column":4},"end":{"line":148,"column":5}},"51":{"start":{"line":118,"column":49},"end":{"line":118,"column":75}},"52":{"start":{"line":120,"column":21},"end":{"line":120,"column":60}},"53":{"start":{"line":121,"column":26},"end":{"line":121,"column":28}},"54":{"start":{"line":122,"column":6},"end":{"line":126,"column":7}},"55":{"start":{"line":123,"column":8},"end":{"line":123,"column":66}},"56":{"start":{"line":124,"column":21},"end":{"line":124,"column":34}},"57":{"start":{"line":125,"column":8},"end":{"line":125,"column":37}},"58":{"start":{"line":127,"column":27},"end":{"line":127,"column":72}},"59":{"start":{"line":128,"column":20},"end":{"line":128,"column":32}},"60":{"start":{"line":129,"column":25},"end":{"line":129,"column":52}},"61":{"start":{"line":131,"column":20},"end":{"line":132,"column":34}},"62":{"start":{"line":133,"column":25},"end":{"line":133,"column":27}},"63":{"start":{"line":134,"column":6},"end":{"line":138,"column":7}},"64":{"start":{"line":135,"column":8},"end":{"line":135,"column":65}},"65":{"start":{"line":136,"column":21},"end":{"line":136,"column":34}},"66":{"start":{"line":137,"column":8},"end":{"line":137,"column":36}},"67":{"start":{"line":139,"column":6},"end":{"line":139,"column":54}},"68":{"start":{"line":140,"column":6},"end":{"line":140,"column":40}},"69":{"start":{"line":142,"column":21},"end":{"line":142,"column":64}},"70":{"start":{"line":144,"column":6},"end":{"line":144,"column":71}},"71":{"start":{"line":146,"column":6},"end":{"line":146,"column":60}},"72":{"start":{"line":147,"column":6},"end":{"line":147,"column":54}},"73":{"start":{"line":152,"column":0},"end":{"line":174,"column":2}},"74":{"start":{"line":157,"column":4},"end":{"line":172,"column":5}},"75":{"start":{"line":158,"column":39},"end":{"line":158,"column":47}},"76":{"start":{"line":159,"column":6},"end":{"line":159,"column":65}},"77":{"start":{"line":159,"column":15},"end":{"line":159,"column":65}},"78":{"start":{"line":161,"column":6},"end":{"line":166,"column":8}},"79":{"start":{"line":168,"column":6},"end":{"line":168,"column":61}},"80":{"start":{"line":170,"column":6},"end":{"line":170,"column":25}},"81":{"start":{"line":171,"column":6},"end":{"line":171,"column":65}},"82":{"start":{"line":176,"column":0},"end":{"line":193,"column":2}},"83":{"start":{"line":181,"column":4},"end":{"line":191,"column":5}},"84":{"start":{"line":182,"column":21},"end":{"line":182,"column":29}},"85":{"start":{"line":183,"column":6},"end":{"line":185,"column":9}},"86":{"start":{"line":186,"column":6},"end":{"line":186,"column":73}},"87":{"start":{"line":187,"column":6},"end":{"line":187,"column":51}},"88":{"start":{"line":189,"column":6},"end":{"line":189,"column":25}},"89":{"start":{"line":190,"column":6},"end":{"line":190,"column":68}},"90":{"start":{"line":196,"column":0},"end":{"line":238,"column":2}},"91":{"start":{"line":201,"column":4},"end":{"line":236,"column":5}},"92":{"start":{"line":202,"column":49},"end":{"line":202,"column":75}},"93":{"start":{"line":204,"column":21},"end":{"line":206,"column":53}},"94":{"start":{"line":207,"column":26},"end":{"line":207,"column":28}},"95":{"start":{"line":208,"column":6},"end":{"line":212,"column":7}},"96":{"start":{"line":209,"column":8},"end":{"line":209,"column":71}},"97":{"start":{"line":210,"column":21},"end":{"line":210,"column":34}},"98":{"start":{"line":211,"column":8},"end":{"line":211,"column":37}},"99":{"start":{"line":213,"column":27},"end":{"line":213,"column":72}},"100":{"start":{"line":214,"column":20},"end":{"line":214,"column":32}},"101":{"start":{"line":215,"column":25},"end":{"line":215,"column":52}},"102":{"start":{"line":217,"column":20},"end":{"line":220,"column":53}},"103":{"start":{"line":221,"column":25},"end":{"line":221,"column":27}},"104":{"start":{"line":222,"column":6},"end":{"line":226,"column":7}},"105":{"start":{"line":223,"column":8},"end":{"line":223,"column":70}},"106":{"start":{"line":224,"column":21},"end":{"line":224,"column":34}},"107":{"start":{"line":225,"column":8},"end":{"line":225,"column":36}},"108":{"start":{"line":227,"column":6},"end":{"line":227,"column":57}},"109":{"start":{"line":228,"column":6},"end":{"line":228,"column":40}},"110":{"start":{"line":230,"column":21},"end":{"line":230,"column":64}},"111":{"start":{"line":232,"column":6},"end":{"line":232,"column":68}},"112":{"start":{"line":234,"column":6},"end":{"line":234,"column":57}},"113":{"start":{"line":235,"column":6},"end":{"line":235,"column":54}},"114":{"start":{"line":240,"column":0},"end":{"line":259,"column":2}},"115":{"start":{"line":245,"column":4},"end":{"line":257,"column":5}},"116":{"start":{"line":246,"column":21},"end":{"line":246,"column":29}},"117":{"start":{"line":248,"column":6},"end":{"line":248,"column":22}},"118":{"start":{"line":249,"column":6},"end":{"line":251,"column":9}},"119":{"start":{"line":252,"column":6},"end":{"line":252,"column":74}},"120":{"start":{"line":253,"column":6},"end":{"line":253,"column":52}},"121":{"start":{"line":255,"column":6},"end":{"line":255,"column":25}},"122":{"start":{"line":256,"column":6},"end":{"line":256,"column":75}},"123":{"start":{"line":260,"column":0},"end":{"line":288,"column":2}},"124":{"start":{"line":265,"column":4},"end":{"line":286,"column":5}},"125":{"start":{"line":266,"column":52},"end":{"line":266,"column":60}},"126":{"start":{"line":268,"column":6},"end":{"line":268,"column":65}},"127":{"start":{"line":268,"column":15},"end":{"line":268,"column":65}},"128":{"start":{"line":270,"column":6},"end":{"line":275,"column":8}},"129":{"start":{"line":277,"column":6},"end":{"line":280,"column":8}},"130":{"start":{"line":282,"column":6},"end":{"line":282,"column":50}},"131":{"start":{"line":284,"column":6},"end":{"line":284,"column":25}},"132":{"start":{"line":285,"column":6},"end":{"line":285,"column":65}},"133":{"start":{"line":293,"column":0},"end":{"line":321,"column":2}},"134":{"start":{"line":298,"column":41},"end":{"line":298,"column":49}},"135":{"start":{"line":299,"column":20},"end":{"line":299,"column":31}},"136":{"start":{"line":301,"column":19},"end":{"line":304,"column":5}},"137":{"start":{"line":306,"column":18},"end":{"line":306,"column":69}},"138":{"start":{"line":308,"column":4},"end":{"line":310,"column":5}},"139":{"start":{"line":309,"column":6},"end":{"line":309,"column":56}},"140":{"start":{"line":312,"column":20},"end":{"line":312,"column":54}},"141":{"start":{"line":314,"column":4},"end":{"line":317,"column":7}},"142":{"start":{"line":319,"column":4},"end":{"line":319,"column":47}},"143":{"start":{"line":324,"column":0},"end":{"line":346,"column":2}},"144":{"start":{"line":329,"column":4},"end":{"line":344,"column":5}},"145":{"start":{"line":330,"column":21},"end":{"line":339,"column":10}},"146":{"start":{"line":341,"column":6},"end":{"line":341,"column":35}},"147":{"start":{"line":343,"column":6},"end":{"line":343,"column":55}},"148":{"start":{"line":347,"column":0},"end":{"line":380,"column":2}},"149":{"start":{"line":352,"column":27},"end":{"line":352,"column":35}},"150":{"start":{"line":354,"column":24},"end":{"line":357,"column":5}},"151":{"start":{"line":359,"column":4},"end":{"line":359,"column":76}},"152":{"start":{"line":359,"column":18},"end":{"line":359,"column":76}},"153":{"start":{"line":361,"column":4},"end":{"line":371,"column":6}},"154":{"start":{"line":373,"column":4},"end":{"line":376,"column":6}},"155":{"start":{"line":378,"column":4},"end":{"line":378,"column":47}},"156":{"start":{"line":382,"column":0},"end":{"line":396,"column":2}},"157":{"start":{"line":387,"column":27},"end":{"line":387,"column":35}},"158":{"start":{"line":389,"column":4},"end":{"line":392,"column":6}},"159":{"start":{"line":394,"column":4},"end":{"line":394,"column":43}},"160":{"start":{"line":398,"column":0},"end":{"line":426,"column":2}},"161":{"start":{"line":403,"column":27},"end":{"line":403,"column":37}},"162":{"start":{"line":405,"column":4},"end":{"line":405,"column":54}},"163":{"start":{"line":407,"column":4},"end":{"line":424,"column":5}},"164":{"start":{"line":408,"column":6},"end":{"line":410,"column":9}},"165":{"start":{"line":411,"column":6},"end":{"line":411,"column":57}},"166":{"start":{"line":412,"column":6},"end":{"line":418,"column":11}},"167":{"start":{"line":414,"column":10},"end":{"line":414,"column":58}},"168":{"start":{"line":417,"column":10},"end":{"line":417,"column":64}},"169":{"start":{"line":420,"column":6},"end":{"line":420,"column":27}},"170":{"start":{"line":421,"column":6},"end":{"line":423,"column":7}},"171":{"start":{"line":422,"column":8},"end":{"line":422,"column":55}},"172":{"start":{"line":428,"column":0},"end":{"line":439,"column":2}},"173":{"start":{"line":433,"column":19},"end":{"line":435,"column":10}},"174":{"start":{"line":437,"column":4},"end":{"line":437,"column":37}}},"fnMap":{"0":{"name":"parsePaginationParams","decl":{"start":{"line":9,"column":9},"end":{"line":9,"column":30}},"loc":{"start":{"line":9,"column":36},"end":{"line":18,"column":1}},"line":9},"1":{"name":"(anonymous_1)","decl":{"start":{"line":24,"column":2},"end":{"line":24,"column":3}},"loc":{"start":{"line":24,"column":22},"end":{"line":64,"column":3}},"line":24},"2":{"name":"(anonymous_2)","decl":{"start":{"line":71,"column":2},"end":{"line":71,"column":3}},"loc":{"start":{"line":71,"column":22},"end":{"line":94,"column":3}},"line":71},"3":{"name":"(anonymous_3)","decl":{"start":{"line":100,"column":2},"end":{"line":100,"column":3}},"loc":{"start":{"line":100,"column":22},"end":{"line":109,"column":3}},"line":100},"4":{"name":"(anonymous_4)","decl":{"start":{"line":116,"column":2},"end":{"line":116,"column":3}},"loc":{"start":{"line":116,"column":22},"end":{"line":149,"column":3}},"line":116},"5":{"name":"(anonymous_5)","decl":{"start":{"line":156,"column":2},"end":{"line":156,"column":3}},"loc":{"start":{"line":156,"column":22},"end":{"line":173,"column":3}},"line":156},"6":{"name":"(anonymous_6)","decl":{"start":{"line":180,"column":2},"end":{"line":180,"column":3}},"loc":{"start":{"line":180,"column":22},"end":{"line":192,"column":3}},"line":180},"7":{"name":"(anonymous_7)","decl":{"start":{"line":200,"column":2},"end":{"line":200,"column":3}},"loc":{"start":{"line":200,"column":22},"end":{"line":237,"column":3}},"line":200},"8":{"name":"(anonymous_8)","decl":{"start":{"line":244,"column":2},"end":{"line":244,"column":3}},"loc":{"start":{"line":244,"column":22},"end":{"line":258,"column":3}},"line":244},"9":{"name":"(anonymous_9)","decl":{"start":{"line":264,"column":2},"end":{"line":264,"column":3}},"loc":{"start":{"line":264,"column":22},"end":{"line":287,"column":3}},"line":264},"10":{"name":"(anonymous_10)","decl":{"start":{"line":297,"column":2},"end":{"line":297,"column":3}},"loc":{"start":{"line":297,"column":22},"end":{"line":320,"column":3}},"line":297},"11":{"name":"(anonymous_11)","decl":{"start":{"line":328,"column":2},"end":{"line":328,"column":3}},"loc":{"start":{"line":328,"column":22},"end":{"line":345,"column":3}},"line":328},"12":{"name":"(anonymous_12)","decl":{"start":{"line":351,"column":2},"end":{"line":351,"column":3}},"loc":{"start":{"line":351,"column":22},"end":{"line":379,"column":3}},"line":351},"13":{"name":"(anonymous_13)","decl":{"start":{"line":386,"column":2},"end":{"line":386,"column":3}},"loc":{"start":{"line":386,"column":22},"end":{"line":395,"column":3}},"line":386},"14":{"name":"(anonymous_14)","decl":{"start":{"line":402,"column":2},"end":{"line":402,"column":3}},"loc":{"start":{"line":402,"column":22},"end":{"line":425,"column":3}},"line":402},"15":{"name":"(anonymous_15)","decl":{"start":{"line":413,"column":14},"end":{"line":413,"column":15}},"loc":{"start":{"line":413,"column":20},"end":{"line":415,"column":9}},"line":413},"16":{"name":"(anonymous_16)","decl":{"start":{"line":416,"column":15},"end":{"line":416,"column":16}},"loc":{"start":{"line":416,"column":24},"end":{"line":418,"column":9}},"line":416},"17":{"name":"(anonymous_17)","decl":{"start":{"line":432,"column":2},"end":{"line":432,"column":3}},"loc":{"start":{"line":432,"column":22},"end":{"line":438,"column":3}},"line":432}},"branchMap":{"0":{"loc":{"start":{"line":10,"column":36},"end":{"line":10,"column":57}},"type":"binary-expr","locations":[{"start":{"line":10,"column":36},"end":{"line":10,"column":50}},{"start":{"line":10,"column":54},"end":{"line":10,"column":57}}],"line":10},"1":{"loc":{"start":{"line":13,"column":27},"end":{"line":13,"column":53}},"type":"binary-expr","locations":[{"start":{"line":13,"column":27},"end":{"line":13,"column":45}},{"start":{"line":13,"column":49},"end":{"line":13,"column":53}}],"line":13},"2":{"loc":{"start":{"line":15,"column":18},"end":{"line":15,"column":40}},"type":"binary-expr","locations":[{"start":{"line":15,"column":18},"end":{"line":15,"column":34}},{"start":{"line":15,"column":38},"end":{"line":15,"column":40}}],"line":15},"3":{"loc":{"start":{"line":31,"column":6},"end":{"line":35,"column":7}},"type":"if","locations":[{"start":{"line":31,"column":6},"end":{"line":35,"column":7}},{"start":{},"end":{}}],"line":31},"4":{"loc":{"start":{"line":48,"column":6},"end":{"line":52,"column":7}},"type":"if","locations":[{"start":{"line":48,"column":6},"end":{"line":52,"column":7}},{"start":{},"end":{}}],"line":48},"5":{"loc":{"start":{"line":76,"column":6},"end":{"line":78,"column":7}},"type":"if","locations":[{"start":{"line":76,"column":6},"end":{"line":78,"column":7}},{"start":{},"end":{}}],"line":76},"6":{"loc":{"start":{"line":76,"column":10},"end":{"line":76,"column":30}},"type":"binary-expr","locations":[{"start":{"line":76,"column":10},"end":{"line":76,"column":16}},{"start":{"line":76,"column":20},"end":{"line":76,"column":30}}],"line":76},"7":{"loc":{"start":{"line":85,"column":6},"end":{"line":87,"column":7}},"type":"if","locations":[{"start":{"line":85,"column":6},"end":{"line":87,"column":7}},{"start":{},"end":{}}],"line":85},"8":{"loc":{"start":{"line":122,"column":6},"end":{"line":126,"column":7}},"type":"if","locations":[{"start":{"line":122,"column":6},"end":{"line":126,"column":7}},{"start":{},"end":{}}],"line":122},"9":{"loc":{"start":{"line":134,"column":6},"end":{"line":138,"column":7}},"type":"if","locations":[{"start":{"line":134,"column":6},"end":{"line":138,"column":7}},{"start":{},"end":{}}],"line":134},"10":{"loc":{"start":{"line":159,"column":6},"end":{"line":159,"column":65}},"type":"if","locations":[{"start":{"line":159,"column":6},"end":{"line":159,"column":65}},{"start":{},"end":{}}],"line":159},"11":{"loc":{"start":{"line":208,"column":6},"end":{"line":212,"column":7}},"type":"if","locations":[{"start":{"line":208,"column":6},"end":{"line":212,"column":7}},{"start":{},"end":{}}],"line":208},"12":{"loc":{"start":{"line":222,"column":6},"end":{"line":226,"column":7}},"type":"if","locations":[{"start":{"line":222,"column":6},"end":{"line":226,"column":7}},{"start":{},"end":{}}],"line":222},"13":{"loc":{"start":{"line":268,"column":6},"end":{"line":268,"column":65}},"type":"if","locations":[{"start":{"line":268,"column":6},"end":{"line":268,"column":65}},{"start":{},"end":{}}],"line":268},"14":{"loc":{"start":{"line":308,"column":4},"end":{"line":310,"column":5}},"type":"if","locations":[{"start":{"line":308,"column":4},"end":{"line":310,"column":5}},{"start":{},"end":{}}],"line":308},"15":{"loc":{"start":{"line":359,"column":4},"end":{"line":359,"column":76}},"type":"if","locations":[{"start":{"line":359,"column":4},"end":{"line":359,"column":76}},{"start":{},"end":{}}],"line":359},"16":{"loc":{"start":{"line":421,"column":6},"end":{"line":423,"column":7}},"type":"if","locations":[{"start":{"line":421,"column":6},"end":{"line":423,"column":7}},{"start":{},"end":{}}],"line":421}},"s":{"0":3,"1":0,"2":0,"3":0,"4":0,"5":0,"6":3,"7":0,"8":0,"9":0,"10":0,"11":0,"12":0,"13":0,"14":0,"15":0,"16":0,"17":0,"18":0,"19":0,"20":0,"21":0,"22":0,"23":0,"24":0,"25":0,"26":0,"27":0,"28":0,"29":0,"30":3,"31":0,"32":0,"33":0,"34":0,"35":0,"36":0,"37":0,"38":0,"39":0,"40":0,"41":0,"42":3,"43":0,"44":0,"45":0,"46":0,"47":0,"48":0,"49":3,"50":0,"51":0,"52":0,"53":0,"54":0,"55":0,"56":0,"57":0,"58":0,"59":0,"60":0,"61":0,"62":0,"63":0,"64":0,"65":0,"66":0,"67":0,"68":0,"69":0,"70":0,"71":0,"72":0,"73":3,"74":0,"75":0,"76":0,"77":0,"78":0,"79":0,"80":0,"81":0,"82":3,"83":0,"84":0,"85":0,"86":0,"87":0,"88":0,"89":0,"90":3,"91":0,"92":0,"93":0,"94":0,"95":0,"96":0,"97":0,"98":0,"99":0,"100":0,"101":0,"102":0,"103":0,"104":0,"105":0,"106":0,"107":0,"108":0,"109":0,"110":0,"111":0,"112":0,"113":0,"114":3,"115":0,"116":0,"117":0,"118":0,"119":0,"120":0,"121":0,"122":0,"123":3,"124":0,"125":0,"126":0,"127":0,"128":0,"129":0,"130":0,"131":0,"132":0,"133":3,"134":0,"135":0,"136":0,"137":0,"138":0,"139":0,"140":0,"141":0,"142":0,"143":3,"144":0,"145":0,"146":0,"147":0,"148":3,"149":0,"150":0,"151":0,"152":0,"153":0,"154":0,"155":0,"156":3,"157":0,"158":0,"159":0,"160":3,"161":0,"162":0,"163":0,"164":0,"165":0,"166":0,"167":0,"168":0,"169":0,"170":0,"171":0,"172":3,"173":0,"174":0},"f":{"0":0,"1":0,"2":0,"3":0,"4":0,"5":0,"6":0,"7":0,"8":0,"9":0,"10":0,"11":0,"12":0,"13":0,"14":0,"15":0,"16":0,"17":0},"b":{"0":[0,0],"1":[0,0],"2":[0,0],"3":[0,0],"4":[0,0],"5":[0,0],"6":[0,0],"7":[0,0],"8":[0,0],"9":[0,0],"10":[0,0],"11":[0,0],"12":[0,0],"13":[0,0],"14":[0,0],"15":[0,0],"16":[0,0]},"inputSourceMap":null,"_coverageSchema":"1a1c01bbd47fc00a2c39e90264f33305004495a9","hash":"d56da05500af274c49572f0310d9acc110832aa8"}
,"C:\\Users\\syler\\Desktop\\my_it_work\\backend\\src\\routes\\authRoutes.js": {"path":"C:\\Users\\syler\\Desktop\\my_it_work\\backend\\src\\routes\\authRoutes.js","statementMap":{"0":{"start":{"line":6,"column":15},"end":{"line":6,"column":31}},"1":{"start":{"line":7,"column":19},"end":{"line":7,"column":55}},"2":{"start":{"line":9,"column":0},"end":{"line":59,"column":3}},"3":{"start":{"line":10,"column":30},"end":{"line":10,"column":38}},"4":{"start":{"line":12,"column":2},"end":{"line":15,"column":3}},"5":{"start":{"line":13,"column":4},"end":{"line":13,"column":38}},"6":{"start":{"line":14,"column":4},"end":{"line":14,"column":11}},"7":{"start":{"line":17,"column":2},"end":{"line":58,"column":3}},"8":{"start":{"line":18,"column":21},"end":{"line":21,"column":5}},"9":{"start":{"line":23,"column":4},"end":{"line":25,"column":5}},"10":{"start":{"line":24,"column":6},"end":{"line":24,"column":72}},"11":{"start":{"line":27,"column":17},"end":{"line":27,"column":35}},"12":{"start":{"line":28,"column":17},"end":{"line":28,"column":26}},"13":{"start":{"line":30,"column":22},"end":{"line":30,"column":58}},"14":{"start":{"line":31,"column":4},"end":{"line":33,"column":5}},"15":{"start":{"line":32,"column":6},"end":{"line":32,"column":75}},"16":{"start":{"line":35,"column":4},"end":{"line":37,"column":5}},"17":{"start":{"line":36,"column":6},"end":{"line":36,"column":66}},"18":{"start":{"line":39,"column":18},"end":{"line":41,"column":6}},"19":{"start":{"line":42,"column":4},"end":{"line":54,"column":7}},"20":{"start":{"line":56,"column":4},"end":{"line":56,"column":25}},"21":{"start":{"line":57,"column":4},"end":{"line":57,"column":63}},"22":{"start":{"line":61,"column":0},"end":{"line":127,"column":3}},"23":{"start":{"line":71,"column":6},"end":{"line":71,"column":14}},"24":{"start":{"line":73,"column":2},"end":{"line":75,"column":3}},"25":{"start":{"line":74,"column":4},"end":{"line":74,"column":57}},"26":{"start":{"line":77,"column":2},"end":{"line":79,"column":3}},"27":{"start":{"line":78,"column":4},"end":{"line":78,"column":69}},"28":{"start":{"line":80,"column":2},"end":{"line":82,"column":3}},"29":{"start":{"line":81,"column":4},"end":{"line":81,"column":62}},"30":{"start":{"line":83,"column":2},"end":{"line":85,"column":3}},"31":{"start":{"line":84,"column":4},"end":{"line":84,"column":61}},"32":{"start":{"line":87,"column":2},"end":{"line":126,"column":3}},"33":{"start":{"line":88,"column":19},"end":{"line":91,"column":5}},"34":{"start":{"line":93,"column":4},"end":{"line":95,"column":5}},"35":{"start":{"line":94,"column":6},"end":{"line":94,"column":72}},"36":{"start":{"line":97,"column":17},"end":{"line":97,"column":39}},"37":{"start":{"line":98,"column":17},"end":{"line":98,"column":48}},"38":{"start":{"line":100,"column":4},"end":{"line":116,"column":5}},"39":{"start":{"line":101,"column":21},"end":{"line":104,"column":7}},"40":{"start":{"line":106,"column":25},"end":{"line":106,"column":40}},"41":{"start":{"line":108,"column":6},"end":{"line":111,"column":8}},"42":{"start":{"line":113,"column":6},"end":{"line":115,"column":9}},"43":{"start":{"line":118,"column":4},"end":{"line":121,"column":6}},"44":{"start":{"line":122,"column":4},"end":{"line":122,"column":57}},"45":{"start":{"line":124,"column":4},"end":{"line":124,"column":25}},"46":{"start":{"line":125,"column":4},"end":{"line":125,"column":63}}},"fnMap":{"0":{"name":"(anonymous_0)","decl":{"start":{"line":9,"column":22},"end":{"line":9,"column":23}},"loc":{"start":{"line":9,"column":42},"end":{"line":59,"column":1}},"line":9},"1":{"name":"(anonymous_1)","decl":{"start":{"line":61,"column":25},"end":{"line":61,"column":26}},"loc":{"start":{"line":61,"column":45},"end":{"line":127,"column":1}},"line":61}},"branchMap":{"0":{"loc":{"start":{"line":7,"column":19},"end":{"line":7,"column":55}},"type":"binary-expr","locations":[{"start":{"line":7,"column":19},"end":{"line":7,"column":41}},{"start":{"line":7,"column":45},"end":{"line":7,"column":55}}],"line":7},"1":{"loc":{"start":{"line":12,"column":2},"end":{"line":15,"column":3}},"type":"if","locations":[{"start":{"line":12,"column":2},"end":{"line":15,"column":3}},{"start":{},"end":{}}],"line":12},"2":{"loc":{"start":{"line":12,"column":6},"end":{"line":12,"column":25}},"type":"binary-expr","locations":[{"start":{"line":12,"column":6},"end":{"line":12,"column":12}},{"start":{"line":12,"column":16},"end":{"line":12,"column":25}}],"line":12},"3":{"loc":{"start":{"line":23,"column":4},"end":{"line":25,"column":5}},"type":"if","locations":[{"start":{"line":23,"column":4},"end":{"line":25,"column":5}},{"start":{},"end":{}}],"line":23},"4":{"loc":{"start":{"line":31,"column":4},"end":{"line":33,"column":5}},"type":"if","locations":[{"start":{"line":31,"column":4},"end":{"line":33,"column":5}},{"start":{},"end":{}}],"line":31},"5":{"loc":{"start":{"line":35,"column":4},"end":{"line":37,"column":5}},"type":"if","locations":[{"start":{"line":35,"column":4},"end":{"line":37,"column":5}},{"start":{},"end":{}}],"line":35},"6":{"loc":{"start":{"line":73,"column":2},"end":{"line":75,"column":3}},"type":"if","locations":[{"start":{"line":73,"column":2},"end":{"line":75,"column":3}},{"start":{},"end":{}}],"line":73},"7":{"loc":{"start":{"line":73,"column":6},"end":{"line":73,"column":53}},"type":"binary-expr","locations":[{"start":{"line":73,"column":6},"end":{"line":73,"column":12}},{"start":{"line":73,"column":16},"end":{"line":73,"column":25}},{"start":{"line":73,"column":29},"end":{"line":73,"column":44}},{"start":{"line":73,"column":48},"end":{"line":73,"column":53}}],"line":73},"8":{"loc":{"start":{"line":77,"column":2},"end":{"line":79,"column":3}},"type":"if","locations":[{"start":{"line":77,"column":2},"end":{"line":79,"column":3}},{"start":{},"end":{}}],"line":77},"9":{"loc":{"start":{"line":77,"column":6},"end":{"line":77,"column":40}},"type":"binary-expr","locations":[{"start":{"line":77,"column":6},"end":{"line":77,"column":24}},{"start":{"line":77,"column":28},"end":{"line":77,"column":40}}],"line":77},"10":{"loc":{"start":{"line":80,"column":2},"end":{"line":82,"column":3}},"type":"if","locations":[{"start":{"line":80,"column":2},"end":{"line":82,"column":3}},{"start":{},"end":{}}],"line":80},"11":{"loc":{"start":{"line":80,"column":6},"end":{"line":80,"column":32}},"type":"binary-expr","locations":[{"start":{"line":80,"column":6},"end":{"line":80,"column":24}},{"start":{"line":80,"column":28},"end":{"line":80,"column":32}}],"line":80},"12":{"loc":{"start":{"line":83,"column":2},"end":{"line":85,"column":3}},"type":"if","locations":[{"start":{"line":83,"column":2},"end":{"line":85,"column":3}},{"start":{},"end":{}}],"line":83},"13":{"loc":{"start":{"line":93,"column":4},"end":{"line":95,"column":5}},"type":"if","locations":[{"start":{"line":93,"column":4},"end":{"line":95,"column":5}},{"start":{},"end":{}}],"line":93},"14":{"loc":{"start":{"line":100,"column":4},"end":{"line":116,"column":5}},"type":"if","locations":[{"start":{"line":100,"column":4},"end":{"line":116,"column":5}},{"start":{},"end":{}}],"line":100}},"s":{"0":3,"1":3,"2":3,"3":3,"4":3,"5":0,"6":0,"7":3,"8":3,"9":3,"10":1,"11":2,"12":2,"13":2,"14":2,"15":1,"16":1,"17":0,"18":1,"19":1,"20":0,"21":0,"22":3,"23":1,"24":1,"25":0,"26":1,"27":0,"28":1,"29":0,"30":1,"31":0,"32":1,"33":1,"34":1,"35":0,"36":1,"37":1,"38":1,"39":0,"40":0,"41":0,"42":0,"43":1,"44":1,"45":0,"46":0},"f":{"0":3,"1":1},"b":{"0":[3,0],"1":[0,3],"2":[3,3],"3":[1,2],"4":[1,1],"5":[0,1],"6":[0,1],"7":[1,1,1,1],"8":[0,1],"9":[1,0],"10":[0,1],"11":[1,0],"12":[0,1],"13":[0,1],"14":[0,1]},"inputSourceMap":null,"_coverageSchema":"1a1c01bbd47fc00a2c39e90264f33305004495a9","hash":"a82c7ec5e1b43b6d2a13935839a12a5f0e68f746"}
,"C:\\Users\\syler\\Desktop\\my_it_work\\backend\\src\\routes\\candidateRoutes.js": {"path":"C:\\Users\\syler\\Desktop\\my_it_work\\backend\\src\\routes\\candidateRoutes.js","statementMap":{"0":{"start":{"line":4,"column":15},"end":{"line":4,"column":31}},"1":{"start":{"line":6,"column":0},"end":{"line":20,"column":2}},"2":{"start":{"line":11,"column":4},"end":{"line":18,"column":5}},"3":{"start":{"line":12,"column":21},"end":{"line":14,"column":7}},"4":{"start":{"line":15,"column":6},"end":{"line":15,"column":21}},"5":{"start":{"line":17,"column":6},"end":{"line":17,"column":53}},"6":{"start":{"line":22,"column":0},"end":{"line":56,"column":2}},"7":{"start":{"line":27,"column":38},"end":{"line":27,"column":46}},"8":{"start":{"line":29,"column":14},"end":{"line":34,"column":3}},"9":{"start":{"line":36,"column":19},"end":{"line":36,"column":21}},"10":{"start":{"line":38,"column":4},"end":{"line":41,"column":5}},"11":{"start":{"line":39,"column":6},"end":{"line":39,"column":52}},"12":{"start":{"line":40,"column":6},"end":{"line":40,"column":35}},"13":{"start":{"line":43,"column":4},"end":{"line":46,"column":5}},"14":{"start":{"line":44,"column":6},"end":{"line":44,"column":49}},"15":{"start":{"line":45,"column":6},"end":{"line":45,"column":38}},"16":{"start":{"line":48,"column":4},"end":{"line":54,"column":5}},"17":{"start":{"line":49,"column":21},"end":{"line":49,"column":56}},"18":{"start":{"line":50,"column":6},"end":{"line":50,"column":21}},"19":{"start":{"line":52,"column":6},"end":{"line":52,"column":25}},"20":{"start":{"line":53,"column":6},"end":{"line":53,"column":54}}},"fnMap":{"0":{"name":"(anonymous_0)","decl":{"start":{"line":10,"column":2},"end":{"line":10,"column":3}},"loc":{"start":{"line":10,"column":22},"end":{"line":19,"column":3}},"line":10},"1":{"name":"(anonymous_1)","decl":{"start":{"line":26,"column":2},"end":{"line":26,"column":3}},"loc":{"start":{"line":26,"column":22},"end":{"line":55,"column":3}},"line":26}},"branchMap":{"0":{"loc":{"start":{"line":38,"column":4},"end":{"line":41,"column":5}},"type":"if","locations":[{"start":{"line":38,"column":4},"end":{"line":41,"column":5}},{"start":{},"end":{}}],"line":38},"1":{"loc":{"start":{"line":43,"column":4},"end":{"line":46,"column":5}},"type":"if","locations":[{"start":{"line":43,"column":4},"end":{"line":46,"column":5}},{"start":{},"end":{}}],"line":43}},"s":{"0":3,"1":3,"2":0,"3":0,"4":0,"5":0,"6":3,"7":0,"8":0,"9":0,"10":0,"11":0,"12":0,"13":0,"14":0,"15":0,"16":0,"17":0,"18":0,"19":0,"20":0},"f":{"0":0,"1":0},"b":{"0":[0,0],"1":[0,0]},"inputSourceMap":null,"_coverageSchema":"1a1c01bbd47fc00a2c39e90264f33305004495a9","hash":"722817e258578a97d8af4290e343d53d5de00d72"}
,"C:\\Users\\syler\\Desktop\\my_it_work\\backend\\src\\routes\\chatRoutes.js": {"path":"C:\\Users\\syler\\Desktop\\my_it_work\\backend\\src\\routes\\chatRoutes.js","statementMap":{"0":{"start":{"line":3,"column":15},"end":{"line":3,"column":31}},"1":{"start":{"line":5,"column":0},"end":{"line":13,"column":3}},"2":{"start":{"line":6,"column":29},"end":{"line":6,"column":39}},"3":{"start":{"line":7,"column":17},"end":{"line":10,"column":3}},"4":{"start":{"line":12,"column":2},"end":{"line":12,"column":17}},"5":{"start":{"line":15,"column":0},"end":{"line":41,"column":3}},"6":{"start":{"line":16,"column":21},"end":{"line":16,"column":31}},"7":{"start":{"line":17,"column":2},"end":{"line":40,"column":3}},"8":{"start":{"line":18,"column":19},"end":{"line":34,"column":5}},"9":{"start":{"line":36,"column":4},"end":{"line":36,"column":19}},"10":{"start":{"line":38,"column":4},"end":{"line":38,"column":50}},"11":{"start":{"line":39,"column":4},"end":{"line":39,"column":52}},"12":{"start":{"line":43,"column":0},"end":{"line":64,"column":3}},"13":{"start":{"line":44,"column":40},"end":{"line":44,"column":48}},"14":{"start":{"line":46,"column":2},"end":{"line":63,"column":3}},"15":{"start":{"line":47,"column":19},"end":{"line":50,"column":5}},"16":{"start":{"line":52,"column":4},"end":{"line":52,"column":50}},"17":{"start":{"line":52,"column":25},"end":{"line":52,"column":50}},"18":{"start":{"line":54,"column":21},"end":{"line":57,"column":5}},"19":{"start":{"line":59,"column":4},"end":{"line":59,"column":65}},"20":{"start":{"line":61,"column":4},"end":{"line":61,"column":50}},"21":{"start":{"line":62,"column":4},"end":{"line":62,"column":52}},"22":{"start":{"line":66,"column":0},"end":{"line":95,"column":3}},"23":{"start":{"line":67,"column":2},"end":{"line":94,"column":3}},"24":{"start":{"line":68,"column":42},"end":{"line":68,"column":50}},"25":{"start":{"line":70,"column":23},"end":{"line":73,"column":5}},"26":{"start":{"line":75,"column":4},"end":{"line":77,"column":5}},"27":{"start":{"line":76,"column":6},"end":{"line":76,"column":35}},"28":{"start":{"line":79,"column":21},"end":{"line":82,"column":5}},"29":{"start":{"line":84,"column":28},"end":{"line":88,"column":5}},"30":{"start":{"line":90,"column":4},"end":{"line":90,"column":37}},"31":{"start":{"line":92,"column":4},"end":{"line":92,"column":54}},"32":{"start":{"line":93,"column":4},"end":{"line":93,"column":52}}},"fnMap":{"0":{"name":"(anonymous_0)","decl":{"start":{"line":5,"column":40},"end":{"line":5,"column":41}},"loc":{"start":{"line":5,"column":60},"end":{"line":13,"column":1}},"line":5},"1":{"name":"(anonymous_1)","decl":{"start":{"line":15,"column":37},"end":{"line":15,"column":38}},"loc":{"start":{"line":15,"column":57},"end":{"line":41,"column":1}},"line":15},"2":{"name":"(anonymous_2)","decl":{"start":{"line":43,"column":35},"end":{"line":43,"column":36}},"loc":{"start":{"line":43,"column":55},"end":{"line":64,"column":1}},"line":43},"3":{"name":"(anonymous_3)","decl":{"start":{"line":66,"column":23},"end":{"line":66,"column":24}},"loc":{"start":{"line":66,"column":43},"end":{"line":95,"column":1}},"line":66}},"branchMap":{"0":{"loc":{"start":{"line":52,"column":4},"end":{"line":52,"column":50}},"type":"if","locations":[{"start":{"line":52,"column":4},"end":{"line":52,"column":50}},{"start":{},"end":{}}],"line":52},"1":{"loc":{"start":{"line":75,"column":4},"end":{"line":77,"column":5}},"type":"if","locations":[{"start":{"line":75,"column":4},"end":{"line":77,"column":5}},{"start":{},"end":{}}],"line":75}},"s":{"0":3,"1":3,"2":0,"3":0,"4":0,"5":3,"6":0,"7":0,"8":0,"9":0,"10":0,"11":0,"12":3,"13":0,"14":0,"15":0,"16":0,"17":0,"18":0,"19":0,"20":0,"21":0,"22":3,"23":0,"24":0,"25":0,"26":0,"27":0,"28":0,"29":0,"30":0,"31":0,"32":0},"f":{"0":0,"1":0,"2":0,"3":0},"b":{"0":[0,0],"1":[0,0]},"inputSourceMap":null,"_coverageSchema":"1a1c01bbd47fc00a2c39e90264f33305004495a9","hash":"ad6e87ebd0b577be2293fa45578e86bcf63b28e6"}
,"C:\\Users\\syler\\Desktop\\my_it_work\\backend\\src\\routes\\employersRoutes.js": {"path":"C:\\Users\\syler\\Desktop\\my_it_work\\backend\\src\\routes\\employersRoutes.js","statementMap":{"0":{"start":{"line":13,"column":15},"end":{"line":13,"column":31}},"1":{"start":{"line":15,"column":0},"end":{"line":23,"column":3}},"2":{"start":{"line":16,"column":2},"end":{"line":22,"column":3}},"3":{"start":{"line":17,"column":22},"end":{"line":17,"column":30}},"4":{"start":{"line":18,"column":17},"end":{"line":18,"column":51}},"5":{"start":{"line":19,"column":4},"end":{"line":19,"column":19}},"6":{"start":{"line":21,"column":4},"end":{"line":21,"column":51}},"7":{"start":{"line":25,"column":0},"end":{"line":32,"column":3}},"8":{"start":{"line":26,"column":2},"end":{"line":31,"column":3}},"9":{"start":{"line":27,"column":19},"end":{"line":27,"column":42}},"10":{"start":{"line":28,"column":4},"end":{"line":28,"column":19}},"11":{"start":{"line":30,"column":4},"end":{"line":30,"column":51}},"12":{"start":{"line":34,"column":0},"end":{"line":42,"column":3}},"13":{"start":{"line":35,"column":17},"end":{"line":35,"column":25}},"14":{"start":{"line":37,"column":2},"end":{"line":39,"column":3}},"15":{"start":{"line":38,"column":4},"end":{"line":38,"column":42}},"16":{"start":{"line":41,"column":2},"end":{"line":41,"column":61}},"17":{"start":{"line":44,"column":0},"end":{"line":106,"column":2}},"18":{"start":{"line":50,"column":4},"end":{"line":104,"column":5}},"19":{"start":{"line":60,"column":10},"end":{"line":60,"column":18}},"20":{"start":{"line":62,"column":6},"end":{"line":62,"column":28}},"21":{"start":{"line":64,"column":21},"end":{"line":64,"column":25}},"22":{"start":{"line":66,"column":6},"end":{"line":85,"column":7}},"23":{"start":{"line":67,"column":8},"end":{"line":69,"column":12}},"24":{"start":{"line":71,"column":8},"end":{"line":83,"column":10}},"25":{"start":{"line":84,"column":8},"end":{"line":84,"column":65}},"26":{"start":{"line":87,"column":6},"end":{"line":98,"column":8}},"27":{"start":{"line":100,"column":6},"end":{"line":100,"column":63}},"28":{"start":{"line":102,"column":6},"end":{"line":102,"column":25}},"29":{"start":{"line":103,"column":6},"end":{"line":103,"column":61}},"30":{"start":{"line":108,"column":0},"end":{"line":153,"column":2}},"31":{"start":{"line":113,"column":4},"end":{"line":151,"column":5}},"32":{"start":{"line":114,"column":57},"end":{"line":114,"column":65}},"33":{"start":{"line":116,"column":21},"end":{"line":122,"column":7}},"34":{"start":{"line":124,"column":6},"end":{"line":128,"column":7}},"35":{"start":{"line":125,"column":8},"end":{"line":127,"column":11}},"36":{"start":{"line":130,"column":18},"end":{"line":134,"column":7}},"37":{"start":{"line":136,"column":6},"end":{"line":141,"column":9}},"38":{"start":{"line":143,"column":6},"end":{"line":145,"column":9}},"39":{"start":{"line":147,"column":6},"end":{"line":147,"column":23}},"40":{"start":{"line":148,"column":6},"end":{"line":150,"column":61}},"41":{"start":{"line":155,"column":0},"end":{"line":214,"column":2}},"42":{"start":{"line":160,"column":4},"end":{"line":212,"column":5}},"43":{"start":{"line":161,"column":27},"end":{"line":161,"column":35}},"44":{"start":{"line":163,"column":6},"end":{"line":165,"column":7}},"45":{"start":{"line":164,"column":8},"end":{"line":164,"column":76}},"46":{"start":{"line":167,"column":30},"end":{"line":170,"column":7}},"47":{"start":{"line":172,"column":6},"end":{"line":176,"column":7}},"48":{"start":{"line":173,"column":8},"end":{"line":175,"column":72}},"49":{"start":{"line":178,"column":25},"end":{"line":178,"column":44}},"50":{"start":{"line":180,"column":23},"end":{"line":206,"column":7}},"51":{"start":{"line":208,"column":6},"end":{"line":208,"column":46}},"52":{"start":{"line":210,"column":6},"end":{"line":210,"column":25}},"53":{"start":{"line":211,"column":6},"end":{"line":211,"column":61}},"54":{"start":{"line":216,"column":0},"end":{"line":254,"column":2}},"55":{"start":{"line":221,"column":28},"end":{"line":221,"column":36}},"56":{"start":{"line":222,"column":4},"end":{"line":224,"column":5}},"57":{"start":{"line":223,"column":6},"end":{"line":223,"column":68}},"58":{"start":{"line":226,"column":4},"end":{"line":252,"column":5}},"59":{"start":{"line":227,"column":21},"end":{"line":246,"column":7}},"60":{"start":{"line":248,"column":6},"end":{"line":248,"column":39}},"61":{"start":{"line":250,"column":6},"end":{"line":250,"column":25}},"62":{"start":{"line":251,"column":6},"end":{"line":251,"column":54}},"63":{"start":{"line":256,"column":0},"end":{"line":282,"column":2}},"64":{"start":{"line":261,"column":39},"end":{"line":261,"column":47}},"65":{"start":{"line":263,"column":4},"end":{"line":265,"column":5}},"66":{"start":{"line":264,"column":6},"end":{"line":264,"column":61}},"67":{"start":{"line":267,"column":4},"end":{"line":280,"column":5}},"68":{"start":{"line":268,"column":23},"end":{"line":271,"column":7}},"69":{"start":{"line":273,"column":6},"end":{"line":275,"column":7}},"70":{"start":{"line":274,"column":8},"end":{"line":274,"column":72}},"71":{"start":{"line":277,"column":6},"end":{"line":277,"column":58}},"72":{"start":{"line":279,"column":6},"end":{"line":279,"column":54}},"73":{"start":{"line":284,"column":0},"end":{"line":302,"column":2}},"74":{"start":{"line":289,"column":19},"end":{"line":289,"column":32}},"75":{"start":{"line":291,"column":4},"end":{"line":300,"column":5}},"76":{"start":{"line":292,"column":6},"end":{"line":295,"column":8}},"77":{"start":{"line":296,"column":6},"end":{"line":296,"column":66}},"78":{"start":{"line":298,"column":6},"end":{"line":298,"column":25}},"79":{"start":{"line":299,"column":6},"end":{"line":299,"column":75}},"80":{"start":{"line":304,"column":0},"end":{"line":322,"column":2}},"81":{"start":{"line":309,"column":19},"end":{"line":309,"column":32}},"82":{"start":{"line":311,"column":4},"end":{"line":320,"column":5}},"83":{"start":{"line":312,"column":6},"end":{"line":315,"column":8}},"84":{"start":{"line":316,"column":6},"end":{"line":316,"column":65}},"85":{"start":{"line":318,"column":6},"end":{"line":318,"column":25}},"86":{"start":{"line":319,"column":6},"end":{"line":319,"column":77}}},"fnMap":{"0":{"name":"(anonymous_0)","decl":{"start":{"line":15,"column":25},"end":{"line":15,"column":26}},"loc":{"start":{"line":15,"column":45},"end":{"line":23,"column":1}},"line":15},"1":{"name":"(anonymous_1)","decl":{"start":{"line":25,"column":16},"end":{"line":25,"column":17}},"loc":{"start":{"line":25,"column":36},"end":{"line":32,"column":1}},"line":25},"2":{"name":"(anonymous_2)","decl":{"start":{"line":34,"column":33},"end":{"line":34,"column":34}},"loc":{"start":{"line":34,"column":53},"end":{"line":42,"column":1}},"line":34},"3":{"name":"(anonymous_3)","decl":{"start":{"line":49,"column":2},"end":{"line":49,"column":3}},"loc":{"start":{"line":49,"column":22},"end":{"line":105,"column":3}},"line":49},"4":{"name":"(anonymous_4)","decl":{"start":{"line":112,"column":2},"end":{"line":112,"column":3}},"loc":{"start":{"line":112,"column":22},"end":{"line":152,"column":3}},"line":112},"5":{"name":"(anonymous_5)","decl":{"start":{"line":159,"column":2},"end":{"line":159,"column":3}},"loc":{"start":{"line":159,"column":22},"end":{"line":213,"column":3}},"line":159},"6":{"name":"(anonymous_6)","decl":{"start":{"line":220,"column":2},"end":{"line":220,"column":3}},"loc":{"start":{"line":220,"column":22},"end":{"line":253,"column":3}},"line":220},"7":{"name":"(anonymous_7)","decl":{"start":{"line":260,"column":2},"end":{"line":260,"column":3}},"loc":{"start":{"line":260,"column":22},"end":{"line":281,"column":3}},"line":260},"8":{"name":"(anonymous_8)","decl":{"start":{"line":288,"column":2},"end":{"line":288,"column":3}},"loc":{"start":{"line":288,"column":22},"end":{"line":301,"column":3}},"line":288},"9":{"name":"(anonymous_9)","decl":{"start":{"line":308,"column":2},"end":{"line":308,"column":3}},"loc":{"start":{"line":308,"column":22},"end":{"line":321,"column":3}},"line":308}},"branchMap":{"0":{"loc":{"start":{"line":37,"column":2},"end":{"line":39,"column":3}},"type":"if","locations":[{"start":{"line":37,"column":2},"end":{"line":39,"column":3}},{"start":{},"end":{}}],"line":37},"1":{"loc":{"start":{"line":66,"column":6},"end":{"line":85,"column":7}},"type":"if","locations":[{"start":{"line":66,"column":6},"end":{"line":85,"column":7}},{"start":{},"end":{}}],"line":66},"2":{"loc":{"start":{"line":124,"column":6},"end":{"line":128,"column":7}},"type":"if","locations":[{"start":{"line":124,"column":6},"end":{"line":128,"column":7}},{"start":{},"end":{}}],"line":124},"3":{"loc":{"start":{"line":139,"column":8},"end":{"line":139,"column":27}},"type":"binary-expr","locations":[{"start":{"line":139,"column":8},"end":{"line":139,"column":19}},{"start":{"line":139,"column":23},"end":{"line":139,"column":27}}],"line":139},"4":{"loc":{"start":{"line":140,"column":8},"end":{"line":140,"column":19}},"type":"binary-expr","locations":[{"start":{"line":140,"column":8},"end":{"line":140,"column":11}},{"start":{"line":140,"column":15},"end":{"line":140,"column":19}}],"line":140},"5":{"loc":{"start":{"line":163,"column":6},"end":{"line":165,"column":7}},"type":"if","locations":[{"start":{"line":163,"column":6},"end":{"line":165,"column":7}},{"start":{},"end":{}}],"line":163},"6":{"loc":{"start":{"line":172,"column":6},"end":{"line":176,"column":7}},"type":"if","locations":[{"start":{"line":172,"column":6},"end":{"line":176,"column":7}},{"start":{},"end":{}}],"line":172},"7":{"loc":{"start":{"line":222,"column":4},"end":{"line":224,"column":5}},"type":"if","locations":[{"start":{"line":222,"column":4},"end":{"line":224,"column":5}},{"start":{},"end":{}}],"line":222},"8":{"loc":{"start":{"line":263,"column":4},"end":{"line":265,"column":5}},"type":"if","locations":[{"start":{"line":263,"column":4},"end":{"line":265,"column":5}},{"start":{},"end":{}}],"line":263},"9":{"loc":{"start":{"line":263,"column":8},"end":{"line":263,"column":34}},"type":"binary-expr","locations":[{"start":{"line":263,"column":8},"end":{"line":263,"column":23}},{"start":{"line":263,"column":27},"end":{"line":263,"column":34}}],"line":263},"10":{"loc":{"start":{"line":273,"column":6},"end":{"line":275,"column":7}},"type":"if","locations":[{"start":{"line":273,"column":6},"end":{"line":275,"column":7}},{"start":{},"end":{}}],"line":273}},"s":{"0":3,"1":3,"2":0,"3":0,"4":0,"5":0,"6":0,"7":3,"8":0,"9":0,"10":0,"11":0,"12":3,"13":0,"14":0,"15":0,"16":0,"17":3,"18":0,"19":0,"20":0,"21":0,"22":0,"23":0,"24":0,"25":0,"26":0,"27":0,"28":0,"29":0,"30":3,"31":0,"32":0,"33":0,"34":0,"35":0,"36":0,"37":0,"38":0,"39":0,"40":0,"41":3,"42":0,"43":0,"44":0,"45":0,"46":0,"47":0,"48":0,"49":0,"50":0,"51":0,"52":0,"53":0,"54":3,"55":0,"56":0,"57":0,"58":0,"59":0,"60":0,"61":0,"62":0,"63":3,"64":0,"65":0,"66":0,"67":0,"68":0,"69":0,"70":0,"71":0,"72":0,"73":3,"74":0,"75":0,"76":0,"77":0,"78":0,"79":0,"80":3,"81":0,"82":0,"83":0,"84":0,"85":0,"86":0},"f":{"0":0,"1":0,"2":0,"3":0,"4":0,"5":0,"6":0,"7":0,"8":0,"9":0},"b":{"0":[0,0],"1":[0,0],"2":[0,0],"3":[0,0],"4":[0,0],"5":[0,0],"6":[0,0],"7":[0,0],"8":[0,0],"9":[0,0],"10":[0,0]},"inputSourceMap":null,"_coverageSchema":"1a1c01bbd47fc00a2c39e90264f33305004495a9","hash":"a15f10b9b9b9d7217932ae169d08ec1bc5525481"}
,"C:\\Users\\syler\\Desktop\\my_it_work\\backend\\src\\routes\\jobOffertsRoutes.js": {"path":"C:\\Users\\syler\\Desktop\\my_it_work\\backend\\src\\routes\\jobOffertsRoutes.js","statementMap":{"0":{"start":{"line":9,"column":15},"end":{"line":9,"column":31}},"1":{"start":{"line":10,"column":0},"end":{"line":10,"column":16}},"2":{"start":{"line":12,"column":0},"end":{"line":20,"column":3}},"3":{"start":{"line":13,"column":2},"end":{"line":19,"column":3}},"4":{"start":{"line":14,"column":22},"end":{"line":14,"column":30}},"5":{"start":{"line":15,"column":17},"end":{"line":15,"column":49}},"6":{"start":{"line":16,"column":4},"end":{"line":16,"column":19}},"7":{"start":{"line":18,"column":4},"end":{"line":18,"column":51}},"8":{"start":{"line":22,"column":0},"end":{"line":29,"column":3}},"9":{"start":{"line":23,"column":2},"end":{"line":28,"column":3}},"10":{"start":{"line":24,"column":19},"end":{"line":24,"column":40}},"11":{"start":{"line":25,"column":4},"end":{"line":25,"column":19}},"12":{"start":{"line":27,"column":4},"end":{"line":27,"column":51}},"13":{"start":{"line":31,"column":0},"end":{"line":49,"column":2}},"14":{"start":{"line":36,"column":34},"end":{"line":36,"column":42}},"15":{"start":{"line":38,"column":4},"end":{"line":47,"column":5}},"16":{"start":{"line":39,"column":6},"end":{"line":42,"column":8}},"17":{"start":{"line":43,"column":6},"end":{"line":43,"column":67}},"18":{"start":{"line":45,"column":6},"end":{"line":45,"column":25}},"19":{"start":{"line":46,"column":6},"end":{"line":46,"column":78}},"20":{"start":{"line":51,"column":0},"end":{"line":73,"column":2}},"21":{"start":{"line":56,"column":24},"end":{"line":56,"column":34}},"22":{"start":{"line":58,"column":4},"end":{"line":71,"column":5}},"23":{"start":{"line":59,"column":21},"end":{"line":65,"column":7}},"24":{"start":{"line":67,"column":6},"end":{"line":67,"column":21}},"25":{"start":{"line":69,"column":6},"end":{"line":69,"column":25}},"26":{"start":{"line":70,"column":6},"end":{"line":70,"column":68}},"27":{"start":{"line":75,"column":0},"end":{"line":96,"column":2}},"28":{"start":{"line":80,"column":34},"end":{"line":80,"column":44}},"29":{"start":{"line":81,"column":23},"end":{"line":81,"column":45}},"30":{"start":{"line":82,"column":4},"end":{"line":83,"column":71}},"31":{"start":{"line":83,"column":6},"end":{"line":83,"column":71}},"32":{"start":{"line":85,"column":4},"end":{"line":94,"column":5}},"33":{"start":{"line":86,"column":6},"end":{"line":89,"column":8}},"34":{"start":{"line":90,"column":6},"end":{"line":90,"column":68}},"35":{"start":{"line":92,"column":6},"end":{"line":92,"column":25}},"36":{"start":{"line":93,"column":6},"end":{"line":93,"column":76}},"37":{"start":{"line":98,"column":0},"end":{"line":117,"column":2}},"38":{"start":{"line":103,"column":34},"end":{"line":103,"column":44}},"39":{"start":{"line":105,"column":4},"end":{"line":115,"column":5}},"40":{"start":{"line":106,"column":21},"end":{"line":109,"column":7}},"41":{"start":{"line":111,"column":6},"end":{"line":111,"column":48}},"42":{"start":{"line":113,"column":6},"end":{"line":113,"column":25}},"43":{"start":{"line":114,"column":6},"end":{"line":114,"column":74}},"44":{"start":{"line":119,"column":0},"end":{"line":204,"column":2}},"45":{"start":{"line":140,"column":8},"end":{"line":140,"column":16}},"46":{"start":{"line":142,"column":4},"end":{"line":144,"column":5}},"47":{"start":{"line":143,"column":6},"end":{"line":143,"column":69}},"48":{"start":{"line":146,"column":17},"end":{"line":146,"column":49}},"49":{"start":{"line":147,"column":4},"end":{"line":147,"column":34}},"50":{"start":{"line":149,"column":4},"end":{"line":202,"column":5}},"51":{"start":{"line":150,"column":31},"end":{"line":170,"column":7}},"52":{"start":{"line":172,"column":22},"end":{"line":172,"column":45}},"53":{"start":{"line":173,"column":6},"end":{"line":187,"column":8}},"54":{"start":{"line":189,"column":6},"end":{"line":189,"column":26}},"55":{"start":{"line":191,"column":6},"end":{"line":195,"column":9}},"56":{"start":{"line":197,"column":6},"end":{"line":197,"column":28}},"57":{"start":{"line":198,"column":6},"end":{"line":198,"column":59}},"58":{"start":{"line":199,"column":6},"end":{"line":199,"column":54}},"59":{"start":{"line":201,"column":6},"end":{"line":201,"column":21}},"60":{"start":{"line":206,"column":0},"end":{"line":243,"column":2}},"61":{"start":{"line":211,"column":19},"end":{"line":211,"column":29}},"62":{"start":{"line":213,"column":4},"end":{"line":215,"column":5}},"63":{"start":{"line":214,"column":6},"end":{"line":214,"column":69}},"64":{"start":{"line":216,"column":4},"end":{"line":216,"column":20}},"65":{"start":{"line":218,"column":17},"end":{"line":218,"column":49}},"66":{"start":{"line":219,"column":4},"end":{"line":219,"column":34}},"67":{"start":{"line":221,"column":4},"end":{"line":241,"column":5}},"68":{"start":{"line":222,"column":31},"end":{"line":227,"column":7}},"69":{"start":{"line":229,"column":6},"end":{"line":229,"column":26}},"70":{"start":{"line":231,"column":6},"end":{"line":234,"column":9}},"71":{"start":{"line":236,"column":6},"end":{"line":236,"column":28}},"72":{"start":{"line":237,"column":6},"end":{"line":237,"column":58}},"73":{"start":{"line":238,"column":6},"end":{"line":238,"column":54}},"74":{"start":{"line":240,"column":6},"end":{"line":240,"column":21}},"75":{"start":{"line":245,"column":0},"end":{"line":322,"column":2}},"76":{"start":{"line":266,"column":8},"end":{"line":266,"column":16}},"77":{"start":{"line":268,"column":4},"end":{"line":270,"column":5}},"78":{"start":{"line":269,"column":6},"end":{"line":269,"column":69}},"79":{"start":{"line":272,"column":17},"end":{"line":272,"column":49}},"80":{"start":{"line":273,"column":4},"end":{"line":273,"column":34}},"81":{"start":{"line":275,"column":4},"end":{"line":320,"column":5}},"82":{"start":{"line":276,"column":31},"end":{"line":291,"column":7}},"83":{"start":{"line":293,"column":6},"end":{"line":306,"column":8}},"84":{"start":{"line":308,"column":6},"end":{"line":308,"column":26}},"85":{"start":{"line":310,"column":6},"end":{"line":313,"column":9}},"86":{"start":{"line":315,"column":6},"end":{"line":315,"column":28}},"87":{"start":{"line":316,"column":6},"end":{"line":316,"column":59}},"88":{"start":{"line":317,"column":6},"end":{"line":317,"column":54}},"89":{"start":{"line":319,"column":6},"end":{"line":319,"column":21}},"90":{"start":{"line":324,"column":0},"end":{"line":343,"column":2}},"91":{"start":{"line":329,"column":34},"end":{"line":329,"column":42}},"92":{"start":{"line":330,"column":4},"end":{"line":330,"column":35}},"93":{"start":{"line":332,"column":4},"end":{"line":341,"column":5}},"94":{"start":{"line":333,"column":6},"end":{"line":336,"column":8}},"95":{"start":{"line":337,"column":6},"end":{"line":337,"column":56}},"96":{"start":{"line":339,"column":6},"end":{"line":339,"column":25}},"97":{"start":{"line":340,"column":6},"end":{"line":340,"column":54}},"98":{"start":{"line":345,"column":0},"end":{"line":366,"column":2}},"99":{"start":{"line":350,"column":32},"end":{"line":350,"column":42}},"100":{"start":{"line":351,"column":4},"end":{"line":364,"column":5}},"101":{"start":{"line":352,"column":21},"end":{"line":355,"column":7}},"102":{"start":{"line":356,"column":6},"end":{"line":360,"column":7}},"103":{"start":{"line":357,"column":8},"end":{"line":357,"column":68}},"104":{"start":{"line":359,"column":8},"end":{"line":359,"column":37}},"105":{"start":{"line":362,"column":6},"end":{"line":362,"column":25}},"106":{"start":{"line":363,"column":6},"end":{"line":363,"column":54}}},"fnMap":{"0":{"name":"(anonymous_0)","decl":{"start":{"line":12,"column":25},"end":{"line":12,"column":26}},"loc":{"start":{"line":12,"column":45},"end":{"line":20,"column":1}},"line":12},"1":{"name":"(anonymous_1)","decl":{"start":{"line":22,"column":16},"end":{"line":22,"column":17}},"loc":{"start":{"line":22,"column":36},"end":{"line":29,"column":1}},"line":22},"2":{"name":"(anonymous_2)","decl":{"start":{"line":35,"column":2},"end":{"line":35,"column":3}},"loc":{"start":{"line":35,"column":22},"end":{"line":48,"column":3}},"line":35},"3":{"name":"(anonymous_3)","decl":{"start":{"line":55,"column":2},"end":{"line":55,"column":3}},"loc":{"start":{"line":55,"column":22},"end":{"line":72,"column":3}},"line":55},"4":{"name":"(anonymous_4)","decl":{"start":{"line":79,"column":2},"end":{"line":79,"column":3}},"loc":{"start":{"line":79,"column":22},"end":{"line":95,"column":3}},"line":79},"5":{"name":"(anonymous_5)","decl":{"start":{"line":102,"column":2},"end":{"line":102,"column":3}},"loc":{"start":{"line":102,"column":22},"end":{"line":116,"column":3}},"line":102},"6":{"name":"(anonymous_6)","decl":{"start":{"line":123,"column":2},"end":{"line":123,"column":3}},"loc":{"start":{"line":123,"column":22},"end":{"line":203,"column":3}},"line":123},"7":{"name":"(anonymous_7)","decl":{"start":{"line":210,"column":2},"end":{"line":210,"column":3}},"loc":{"start":{"line":210,"column":22},"end":{"line":242,"column":3}},"line":210},"8":{"name":"(anonymous_8)","decl":{"start":{"line":249,"column":2},"end":{"line":249,"column":3}},"loc":{"start":{"line":249,"column":22},"end":{"line":321,"column":3}},"line":249},"9":{"name":"(anonymous_9)","decl":{"start":{"line":328,"column":2},"end":{"line":328,"column":3}},"loc":{"start":{"line":328,"column":22},"end":{"line":342,"column":3}},"line":328},"10":{"name":"(anonymous_10)","decl":{"start":{"line":349,"column":2},"end":{"line":349,"column":3}},"loc":{"start":{"line":349,"column":22},"end":{"line":365,"column":3}},"line":349}},"branchMap":{"0":{"loc":{"start":{"line":82,"column":4},"end":{"line":83,"column":71}},"type":"if","locations":[{"start":{"line":82,"column":4},"end":{"line":83,"column":71}},{"start":{},"end":{}}],"line":82},"1":{"loc":{"start":{"line":142,"column":4},"end":{"line":144,"column":5}},"type":"if","locations":[{"start":{"line":142,"column":4},"end":{"line":144,"column":5}},{"start":{},"end":{}}],"line":142},"2":{"loc":{"start":{"line":142,"column":8},"end":{"line":142,"column":39}},"type":"binary-expr","locations":[{"start":{"line":142,"column":8},"end":{"line":142,"column":20}},{"start":{"line":142,"column":24},"end":{"line":142,"column":30}},{"start":{"line":142,"column":34},"end":{"line":142,"column":39}}],"line":142},"3":{"loc":{"start":{"line":160,"column":26},"end":{"line":160,"column":50}},"type":"cond-expr","locations":[{"start":{"line":160,"column":37},"end":{"line":160,"column":45}},{"start":{"line":160,"column":48},"end":{"line":160,"column":50}}],"line":160},"4":{"loc":{"start":{"line":161,"column":26},"end":{"line":161,"column":60}},"type":"cond-expr","locations":[{"start":{"line":161,"column":42},"end":{"line":161,"column":55}},{"start":{"line":161,"column":58},"end":{"line":161,"column":60}}],"line":161},"5":{"loc":{"start":{"line":162,"column":26},"end":{"line":162,"column":54}},"type":"cond-expr","locations":[{"start":{"line":162,"column":39},"end":{"line":162,"column":49}},{"start":{"line":162,"column":52},"end":{"line":162,"column":54}}],"line":162},"6":{"loc":{"start":{"line":163,"column":25},"end":{"line":163,"column":43}},"type":"binary-expr","locations":[{"start":{"line":163,"column":25},"end":{"line":163,"column":37}},{"start":{"line":163,"column":41},"end":{"line":163,"column":43}}],"line":163},"7":{"loc":{"start":{"line":182,"column":10},"end":{"line":182,"column":28}},"type":"binary-expr","locations":[{"start":{"line":182,"column":10},"end":{"line":182,"column":22}},{"start":{"line":182,"column":26},"end":{"line":182,"column":28}}],"line":182},"8":{"loc":{"start":{"line":183,"column":10},"end":{"line":183,"column":24}},"type":"binary-expr","locations":[{"start":{"line":183,"column":10},"end":{"line":183,"column":18}},{"start":{"line":183,"column":22},"end":{"line":183,"column":24}}],"line":183},"9":{"loc":{"start":{"line":184,"column":10},"end":{"line":184,"column":32}},"type":"binary-expr","locations":[{"start":{"line":184,"column":10},"end":{"line":184,"column":26}},{"start":{"line":184,"column":30},"end":{"line":184,"column":32}}],"line":184},"10":{"loc":{"start":{"line":213,"column":4},"end":{"line":215,"column":5}},"type":"if","locations":[{"start":{"line":213,"column":4},"end":{"line":215,"column":5}},{"start":{},"end":{}}],"line":213},"11":{"loc":{"start":{"line":268,"column":4},"end":{"line":270,"column":5}},"type":"if","locations":[{"start":{"line":268,"column":4},"end":{"line":270,"column":5}},{"start":{},"end":{}}],"line":268},"12":{"loc":{"start":{"line":268,"column":8},"end":{"line":268,"column":36}},"type":"binary-expr","locations":[{"start":{"line":268,"column":8},"end":{"line":268,"column":17}},{"start":{"line":268,"column":21},"end":{"line":268,"column":27}},{"start":{"line":268,"column":31},"end":{"line":268,"column":36}}],"line":268},"13":{"loc":{"start":{"line":283,"column":26},"end":{"line":283,"column":50}},"type":"cond-expr","locations":[{"start":{"line":283,"column":37},"end":{"line":283,"column":45}},{"start":{"line":283,"column":48},"end":{"line":283,"column":50}}],"line":283},"14":{"loc":{"start":{"line":284,"column":26},"end":{"line":284,"column":60}},"type":"cond-expr","locations":[{"start":{"line":284,"column":42},"end":{"line":284,"column":55}},{"start":{"line":284,"column":58},"end":{"line":284,"column":60}}],"line":284},"15":{"loc":{"start":{"line":285,"column":26},"end":{"line":285,"column":54}},"type":"cond-expr","locations":[{"start":{"line":285,"column":39},"end":{"line":285,"column":49}},{"start":{"line":285,"column":52},"end":{"line":285,"column":54}}],"line":285},"16":{"loc":{"start":{"line":286,"column":25},"end":{"line":286,"column":43}},"type":"binary-expr","locations":[{"start":{"line":286,"column":25},"end":{"line":286,"column":37}},{"start":{"line":286,"column":41},"end":{"line":286,"column":43}}],"line":286},"17":{"loc":{"start":{"line":300,"column":10},"end":{"line":300,"column":28}},"type":"binary-expr","locations":[{"start":{"line":300,"column":10},"end":{"line":300,"column":22}},{"start":{"line":300,"column":26},"end":{"line":300,"column":28}}],"line":300},"18":{"loc":{"start":{"line":301,"column":10},"end":{"line":301,"column":24}},"type":"binary-expr","locations":[{"start":{"line":301,"column":10},"end":{"line":301,"column":18}},{"start":{"line":301,"column":22},"end":{"line":301,"column":24}}],"line":301},"19":{"loc":{"start":{"line":302,"column":10},"end":{"line":302,"column":32}},"type":"binary-expr","locations":[{"start":{"line":302,"column":10},"end":{"line":302,"column":26}},{"start":{"line":302,"column":30},"end":{"line":302,"column":32}}],"line":302},"20":{"loc":{"start":{"line":356,"column":6},"end":{"line":360,"column":7}},"type":"if","locations":[{"start":{"line":356,"column":6},"end":{"line":360,"column":7}},{"start":{"line":358,"column":13},"end":{"line":360,"column":7}}],"line":356}},"s":{"0":3,"1":3,"2":3,"3":1,"4":1,"5":1,"6":1,"7":0,"8":3,"9":1,"10":1,"11":1,"12":0,"13":3,"14":0,"15":0,"16":0,"17":0,"18":0,"19":0,"20":3,"21":0,"22":0,"23":0,"24":0,"25":0,"26":0,"27":3,"28":0,"29":0,"30":0,"31":0,"32":0,"33":0,"34":0,"35":0,"36":0,"37":3,"38":0,"39":0,"40":0,"41":0,"42":0,"43":0,"44":3,"45":0,"46":0,"47":0,"48":0,"49":0,"50":0,"51":0,"52":0,"53":0,"54":0,"55":0,"56":0,"57":0,"58":0,"59":0,"60":3,"61":0,"62":0,"63":0,"64":0,"65":0,"66":0,"67":0,"68":0,"69":0,"70":0,"71":0,"72":0,"73":0,"74":0,"75":3,"76":0,"77":0,"78":0,"79":0,"80":0,"81":0,"82":0,"83":0,"84":0,"85":0,"86":0,"87":0,"88":0,"89":0,"90":3,"91":0,"92":0,"93":0,"94":0,"95":0,"96":0,"97":0,"98":3,"99":0,"100":0,"101":0,"102":0,"103":0,"104":0,"105":0,"106":0},"f":{"0":1,"1":1,"2":0,"3":0,"4":0,"5":0,"6":0,"7":0,"8":0,"9":0,"10":0},"b":{"0":[0,0],"1":[0,0],"2":[0,0,0],"3":[0,0],"4":[0,0],"5":[0,0],"6":[0,0],"7":[0,0],"8":[0,0],"9":[0,0],"10":[0,0],"11":[0,0],"12":[0,0,0],"13":[0,0],"14":[0,0],"15":[0,0],"16":[0,0],"17":[0,0],"18":[0,0],"19":[0,0],"20":[0,0]},"inputSourceMap":null,"_coverageSchema":"1a1c01bbd47fc00a2c39e90264f33305004495a9","hash":"6eccae1c3c29ccb6398908d8215cdeab8bc0bc3b"}
,"C:\\Users\\syler\\Desktop\\my_it_work\\backend\\src\\routes\\settingRoutes.js": {"path":"C:\\Users\\syler\\Desktop\\my_it_work\\backend\\src\\routes\\settingRoutes.js","statementMap":{"0":{"start":{"line":12,"column":15},"end":{"line":12,"column":31}},"1":{"start":{"line":14,"column":0},"end":{"line":84,"column":2}},"2":{"start":{"line":20,"column":4},"end":{"line":82,"column":5}},"3":{"start":{"line":22,"column":8},"end":{"line":22,"column":16}},"4":{"start":{"line":24,"column":6},"end":{"line":26,"column":7}},"5":{"start":{"line":25,"column":8},"end":{"line":25,"column":46}},"6":{"start":{"line":27,"column":23},"end":{"line":27,"column":27}},"7":{"start":{"line":29,"column":6},"end":{"line":31,"column":7}},"8":{"start":{"line":30,"column":8},"end":{"line":30,"column":78}},"9":{"start":{"line":33,"column":21},"end":{"line":33,"column":23}},"10":{"start":{"line":34,"column":21},"end":{"line":34,"column":23}},"11":{"start":{"line":36,"column":6},"end":{"line":39,"column":7}},"12":{"start":{"line":37,"column":8},"end":{"line":37,"column":32}},"13":{"start":{"line":38,"column":8},"end":{"line":38,"column":26}},"14":{"start":{"line":40,"column":6},"end":{"line":43,"column":7}},"15":{"start":{"line":41,"column":8},"end":{"line":41,"column":35}},"16":{"start":{"line":42,"column":8},"end":{"line":42,"column":29}},"17":{"start":{"line":44,"column":6},"end":{"line":47,"column":7}},"18":{"start":{"line":45,"column":8},"end":{"line":45,"column":33}},"19":{"start":{"line":46,"column":8},"end":{"line":46,"column":27}},"20":{"start":{"line":49,"column":6},"end":{"line":52,"column":7}},"21":{"start":{"line":50,"column":8},"end":{"line":50,"column":34}},"22":{"start":{"line":51,"column":8},"end":{"line":51,"column":32}},"23":{"start":{"line":54,"column":6},"end":{"line":61,"column":7}},"24":{"start":{"line":55,"column":8},"end":{"line":55,"column":36}},"25":{"start":{"line":57,"column":21},"end":{"line":57,"column":43}},"26":{"start":{"line":58,"column":21},"end":{"line":58,"column":55}},"27":{"start":{"line":60
[...]
{"start":{"line":113,"column":37},"end":{"line":113,"column":52}}],"line":111},"17":{"loc":{"start":{"line":114,"column":13},"end":{"line":114,"column":78}},"type":"binary-expr","locations":[{"start":{"line":114,"column":13},"end":{"line":114,"column":72}},{"start":{"line":114,"column":76},"end":{"line":114,"column":78}}],"line":114},"18":{"loc":{"start":{"line":132,"column":12},"end":{"line":133,"column":35}},"type":"binary-expr","locations":[{"start":{"line":132,"column":12},"end":{"line":133,"column":27}},{"start":{"line":133,"column":31},"end":{"line":133,"column":35}}],"line":132},"19":{"loc":{"start":{"line":137,"column":6},"end":{"line":150,"column":7}},"type":"if","locations":[{"start":{"line":137,"column":6},"end":{"line":150,"column":7}},{"start":{"line":148,"column":13},"end":{"line":150,"column":7}}],"line":137},"20":{"loc":{"start":{"line":142,"column":8},"end":{"line":147,"column":9}},"type":"if","locations":[{"start":{"line":142,"column":8},"end":{"line":147,"column":9}},{"start":{"line":145,"column":15},"end":{"line":147,"column":9}}],"line":142},"21":{"loc":{"start":{"line":180,"column":17},"end":{"line":180,"column":76}},"type":"binary-expr","locations":[{"start":{"line":180,"column":17},"end":{"line":180,"column":70}},{"start":{"line":180,"column":74},"end":{"line":180,"column":76}}],"line":180},"22":{"loc":{"start":{"line":244,"column":10},"end":{"line":244,"column":48}},"type":"if","locations":[{"start":{"line":244,"column":10},"end":{"line":244,"column":48}},{"start":{},"end":{}}],"line":244},"23":{"loc":{"start":{"line":248,"column":10},"end":{"line":248,"column":56}},"type":"if","locations":[{"start":{"line":248,"column":10},"end":{"line":248,"column":56}},{"start":{},"end":{}}],"line":248},"24":{"loc":{"start":{"line":256,"column":10},"end":{"line":256,"column":43}},"type":"if","locations":[{"start":{"line":256,"column":10},"end":{"line":256,"column":43}},{"start":{},"end":{}}],"line":256},"25":{"loc":{"start":{"line":260,"column":10},"end":{"line":260,"column":61}},"type":"if","locations":[{"start":{"line":260,"column":10},"end":{"line":260,"column":61}},{"start":{},"end":{}}],"line":260},"26":{"loc":{"start":{"line":270,"column":12},"end":{"line":274,"column":21}},"type":"binary-expr","locations":[{"start":{"line":270,"column":12},"end":{"line":274,"column":13}},{"start":{"line":274,"column":17},"end":{"line":274,"column":21}}],"line":270},"27":{"loc":{"start":{"line":304,"column":15},"end":{"line":304,"column":64}},"type":"binary-expr","locations":[{"start":{"line":304,"column":15},"end":{"line":304,"column":58}},{"start":{"line":304,"column":62},"end":{"line":304,"column":64}}],"line":304},"28":{"loc":{"start":{"line":306,"column":10},"end":{"line":306,"column":72}},"type":"binary-expr","locations":[{"start":{"line":306,"column":10},"end":{"line":306,"column":66}},{"start":{"line":306,"column":70},"end":{"line":306,"column":72}}],"line":306},"29":{"loc":{"start":{"line":308,"column":10},"end":{"line":309,"column":14}},"type":"binary-expr","locations":[{"start":{"line":308,"column":10},"end":{"line":308,"column":74}},{"start":{"line":309,"column":12},"end":{"line":309,"column":14}}],"line":308},"30":{"loc":{"start":{"line":317,"column":10},"end":{"line":318,"column":12}},"type":"binary-expr","locations":[{"start":{"line":317,"column":10},"end":{"line":317,"column":74}},{"start":{"line":318,"column":10},"end":{"line":318,"column":12}}],"line":317},"31":{"loc":{"start":{"line":319,"column":13},"end":{"line":319,"column":47}},"type":"binary-expr","locations":[{"start":{"line":319,"column":13},"end":{"line":319,"column":41}},{"start":{"line":319,"column":45},"end":{"line":319,"column":47}}],"line":319},"32":{"loc":{"start":{"line":343,"column":8},"end":{"line":343,"column":43}},"type":"if","locations":[{"start":{"line":343,"column":8},"end":{"line":343,"column":43}},{"start":{},"end":{}}],"line":343},"33":{"loc":{"start":{"line":348,"column":8},"end":{"line":354,"column":9}},"type":"if","locations":[{"start":{"line":348,"column":8},"end":{"line":354,"column":9}},{"start":{},"end":{}}],"line":348},"34":{"loc":{"start":{"line":363,"column":10},"end":{"line":365,"column":19}},"type":"binary-expr","locations":[{"start":{"line":363,"column":10},"end":{"line":365,"column":11}},{"start":{"line":365,"column":15},"end":{"line":365,"column":19}}],"line":363}},"s":{"0":3,"1":0,"2":0,"3":0,"4":0,"5":0,"6":0,"7":0,"8":0,"9":0,"10":0,"11":0,"12":0,"13":0,"14":0,"15":0,"16":0,"17":0,"18":0,"19":0,"20":0,"21":0,"22":0,"23":0,"24":0,"25":0,"26":0,"27":0,"28":0,"29":0,"30":0,"31":0,"32":0,"33":0,"34":0,"35":0,"36":0,"37":0,"38":0,"39":0,"40":0,"41":0,"42":0,"43":0,"44":0,"45":0,"46":0,"47":0,"48":0,"49":0,"50":0,"51":0,"52":0,"53":0,"54":0,"55":0,"56":0,"57":0,"58":0,"59":0,"60":0,"61":0,"62":0,"63":0,"64":0,"65":0,"66":0,"67":0,"68":0,"69":0,"70":0,"71":0,"72":0,"73":0,"74":0,"75":0,"76":0,"77":0,"78":0,"79":0,"80":0,"81":0,"82":0,"83":0,"84":0,"85":0,"86":0,"87":0,"88":0,"89":0,"90":0,"91":0,"92":0,"93":0,"94":0,"95":0,"96":0,"97":0,"98":0,"99":0,"100":0,"101":0,"102":0,"103":0,"104":0,"105":0,"106":0,"107":0,"108":0,"109":0,"110":0,"111":0,"112":0,"113":0,"114":0,"115":0,"116":0,"117":0,"118":0,"119":0,"120":0,"121":0,"122":0,"123":0,"124":0,"125":0,"126":0,"127":0,"128":0,"129":0,"130":0,"131":0},"f":{"0":0,"1":0,"2":0,"3":0,"4":0,"5":0,"6":0,"7":0,"8":0,"9":0,"10":0,"11":0,"12":0,"13":0,"14":0,"15":0,"16":0,"17":0,"18":0,"19":0,"20":0,"21":0,"22":0,"23":0,"24":0,"25":0,"26":0,"27":0,"28":0,"29":0},"b":{"0":[0,0],"1":[0,0],"2":[0,0],"3":[0,0],"4":[0,0],"5":[0,0],"6":[0,0],"7":[0,0],"8":[0,0],"9":[0,0],"10":[0,0],"11":[0,0],"12":[0,0],"13":[0,0],"14":[0,0],"15":[0,0],"16":[0,0],"17":[0,0],"18":[0,0],"19":[0,0],"20":[0,0],"21":[0,0],"22":[0,0],"23":[0,0],"24":[0,0],"25":[0,0],"26":[0,0],"27":[0,0],"28":[0,0],"29":[0,0],"30":[0,0],"31":[0,0],"32":[0,0],"33":[0,0],"34":[0,0]},"inputSourceMap":null,"_coverageSchema":"1a1c01bbd47fc00a2c39e90264f33305004495a9","hash":"b7da80d2b3ba631c02281175ffee5f44199ce256"}
,"C:\\Users\\syler\\Desktop\\my_it_work\\backend\\src\\services\\employerService.js": {"path":"C:\\Users\\syler\\Desktop\\my_it_work\\backend\\src\\services\\employerService.js","statementMap":{"0":{"start":{"line":4,"column":22},"end":{"line":7,"column":13}},"1":{"start":{"line":9,"column":17},"end":{"line":15,"column":4}},"2":{"start":{"line":9,"column":45},"end":{"line":15,"column":3}},"3":{"start":{"line":17,"column":2},"end":{"line":22,"column":5}},"4":{"start":{"line":18,"column":4},"end":{"line":21,"column":7}},"5":{"start":{"line":19,"column":6},"end":{"line":19,"column":34}},"6":{"start":{"line":19,"column":15},"end":{"line":19,"column":34}},"7":{"start":{"line":20,"column":6},"end":{"line":20,"column":23}},"8":{"start":{"line":26,"column":2},"end":{"line":28,"column":4}},"9":{"start":{"line":33,"column":4},"end":{"line":33,"column":125}},"10":{"start":{"line":34,"column":17},"end":{"line":34,"column":19}},"11":{"start":{"line":36,"column":2},"end":{"line":39,"column":3}},"12":{"start":{"line":37,"column":4},"end":{"line":37,"column":45}},"13":{"start":{"line":38,"column":4},"end":{"line":38,"column":34}},"14":{"start":{"line":41,"column":2},"end":{"line":44,"column":3}},"15":{"start":{"line":42,"column":4},"end":{"line":42,"column":47}},"16":{"start":{"line":43,"column":4},"end":{"line":43,"column":36}},"17":{"start":{"line":46,"column":2},"end":{"line":52,"column":3}},"18":{"start":{"line":47,"column":19},"end":{"line":47,"column":54}},"19":{"start":{"line":48,"column":4},"end":{"line":48,"column":16}},"20":{"start":{"line":50,"column":4},"end":{"line":50,"column":48}},"21":{"start":{"line":51,"column":4},"end":{"line":51,"column":14}},"22":{"start":{"line":56,"column":17},"end":{"line":59,"column":3}},"23":{"start":{"line":61,"column":2},"end":{"line":61,"column":14}}},"fnMap":{"0":{"name":"saveEmployersToDb","decl":{"start":{"line":3,"column":16},"end":{"line":3,"column":33}},"loc":{"start":{"line":3,"column":45},"end":{"line":23,"column":1}},"line":3},"1":{"name":"(anonymous_1)","decl":{"start":{"line":9,"column":31},"end":{"line":9,"column":32}},"loc":{"start":{"line":9,"column":45},"end":{"line":15,"column":3}},"line":9},"2":{"name":"(anonymous_2)","decl":{"start":{"line":17,"column":21},"end":{"line":17,"column":22}},"loc":{"start":{"line":17,"column":42},"end":{"line":22,"column":3}},"line":17},"3":{"name":"(anonymous_3)","decl":{"start":{"line":18,"column":44},"end":{"line":18,"column":45}},"loc":{"start":{"line":18,"column":62},"end":{"line":21,"column":5}},"line":18},"4":{"name":"getAllEmployers","decl":{"start":{"line":25,"column":16},"end":{"line":25,"column":31}},"loc":{"start":{"line":25,"column":34},"end":{"line":29,"column":1}},"line":25},"5":{"name":"getFillteredEmployers","decl":{"start":{"line":31,"column":22},"end":{"line":31,"column":43}},"loc":{"start":{"line":31,"column":72},"end":{"line":53,"column":1}},"line":31},"6":{"name":"getCompanyInfo","decl":{"start":{"line":55,"column":22},"end":{"line":55,"column":36}},"loc":{"start":{"line":55,"column":41},"end":{"line":62,"column":1}},"line":55}},"branchMap":{"0":{"loc":{"start":{"line":10,"column":4},"end":{"line":10,"column":32}},"type":"binary-expr","locations":[{"start":{"line":10,"column":4},"end":{"line":10,"column":24}},{"start":{"line":10,"column":28},"end":{"line":10,"column":32}}],"line":10},"1":{"loc":{"start":{"line":11,"column":19},"end":{"line":11,"column":46}},"type":"binary-expr","locations":[{"start":{"line":11,"column":19},"end":{"line":11,"column":40}},{"start":{"line":11,"column":44},"end":{"line":11,"column":46}}],"line":11},"2":{"loc":{"start":{"line":12,"column":19},"end":{"line":12,"column":43}},"type":"binary-expr","locations":[{"start":{"line":12,"column":19},"end":{"line":12,"column":37}},{"start":{"line":12,"column":41},"end":{"line":12,"column":43}}],"line":12},"3":{"loc":{"start":{"line":13,"column":4},"end":{"line":13,"column":25}},"type":"binary-expr","locations":[{"start":{"line":13,"column":4},"end":{"line":13,"column":17}},{"start":{"line":13,"column":21},"end":{"line":13,"column":25}}],"line":13},"4":{"loc":{"start":{"line":14,"column":4},"end":{"line":14,"column":24}},"type":"binary-expr","locations":[{"start":{"line":14,"column":4},"end":{"line":14,"column":16}},{"start":{"line":14,"column":20},"end":{"line":14,"column":24}}],"line":14},"5":{"loc":{"start":{"line":19,"column":6},"end":{"line":19,"column":34}},"type":"if","locations":[{"start":{"line":19,"column":6},"end":{"line":19,"column":34}},{"start":{},"end":{}}],"line":19},"6":{"loc":{"start":{"line":36,"column":2},"end":{"line":39,"column":3}},"type":"if","locations":[{"start":{"line":36,"column":2},"end":{"line":39,"column":3}},{"start":{},"end":{}}],"line":36},"7":{"loc":{"start":{"line":36,"column":6},"end":{"line":36,"column":42}},"type":"binary-expr","locations":[{"start":{"line":36,"column":6},"end":{"line":36,"column":15}},{"start":{"line":36,"column":19},"end":{"line":36,"column":42}}],"line":36},"8":{"loc":{"start":{"line":41,"column":2},"end":{"line":44,"column":3}},"type":"if","locations":[{"start":{"line":41,"column":2},"end":{"line":44,"column":3}},{"start":{},"end":{}}],"line":41},"9":{"loc":{"start":{"line":41,"column":6},"end":{"line":41,"column":46}},"type":"binary-expr","locations":[{"start":{"line":41,"column":6},"end":{"line":41,"column":17}},{"start":{"line":41,"column":21},"end":{"line":41,"column":46}}],"line":41}},"s":{"0":0,"1":0,"2":0,"3":0,"4":0,"5":0,"6":0,"7":0,"8":0,"9":0,"10":0,"11":0,"12":0,"13":0,"14":0,"15":0,"16":0,"17":0,"18":0,"19":0,"20":0,"21":0,"22":0,"23":0},"f":{"0":0,"1":0,"2":0,"3":0,"4":0,"5":0,"6":0},"b":{"0":[0,0],"1":[0,0],"2":[0,0],"3":[0,0],"4":[0,0],"5":[0,0],"6":[0,0],"7":[0,0],"8":[0,0],"9":[0,0]},"inputSourceMap":null,"_coverageSchema":"1a1c01bbd47fc00a2c39e90264f33305004495a9","hash":"7b6eb1bac32ee6b6bcae21125d0a7b4865e6d33e"}
,"C:\\Users\\syler\\Desktop\\my_it_work\\backend\\src\\services\\jobOffertsService.js": {"path":"C:\\Users\\syler\\Desktop\\my_it_work\\backend\\src\\services\\jobOffertsService.js","statementMap":{"0":{"start":{"line":4,"column":22},"end":{"line":7,"column":13}},"1":{"start":{"line":9,"column":17},"end":{"line":21,"column":4}},"2":{"start":{"line":9,"column":39},"end":{"line":21,"column":3}},"3":{"start":{"line":23,"column":2},"end":{"line":28,"column":5}},"4":{"start":{"line":24,"column":4},"end":{"line":27,"column":7}},"5":{"start":{"line":25,"column":6},"end":{"line":25,"column":34}},"6":{"start":{"line":25,"column":15},"end":{"line":25,"column":34}},"7":{"start":{"line":26,"column":6},"end":{"line":26,"column":23}},"8":{"start":{"line":32,"column":2},"end":{"line":60,"column":3}},"9":{"start":{"line":64,"column":12},"end":{"line":89,"column":31}},"10":{"start":{"line":90,"column":17},"end":{"line":90,"column":19}},"11":{"start":{"line":92,"column":2},"end":{"line":95,"column":3}},"12":{"start":{"line":93,"column":4},"end":{"line":93,"column":31}},"13":{"start":{"line":94,"column":4},"end":{"line":94,"column":30}},"14":{"start":{"line":97,"column":2},"end":{"line":105,"column":3}},"15":{"start":{"line":98,"column":4},"end":{"line":104,"column":5}},"16":{"start":{"line":99,"column":6},"end":{"line":99,"column":38}},"17":{"start":{"line":100,"column":6},"end":{"line":100,"column":23}},"18":{"start":{"line":102,"column":6},"end":{"line":102,"column":38}},"19":{"start":{"line":103,"column":6},"end":{"line":103,"column":37}},"20":{"start":{"line":107,"column":2},"end":{"line":110,"column":3}},"21":{"start":{"line":108,"column":4},"end":{"line":108,"column":37}},"22":{"start":{"line":109,"column":4},"end":{"line":109,"column":33}},"23":{"start":{"line":112,"column":2},"end":{"line":112,"column":47}},"24":{"start":{"line":114,"column":2},"end":{"line":120,"column":3}},"25":{"start":{"line":115,"column":19},"end":{"line":115,"column":54}},"26":{"start":{"line":116,"column":4},"end":{"line":116,"column":16}},"27":{"start":{"line":118,"column":4},"end":{"line":118,"column":48}},"28":{"start":{"line":119,"column":4},"end":{"line":119,"column":14}}},"fnMap":{"0":{"name":"saveOffertsToDb","decl":{"start":{"line":3,"column":16},"end":{"line":3,"column":31}},"loc":{"start":{"line":3,"column":40},"end":{"line":29,"column":1}},"line":3},"1":{"name":"(anonymous_1)","decl":{"start":{"line":9,"column":28},"end":{"line":9,"column":29}},"loc":{"start":{"line":9,"column":39},"end":{"line":21,"column":3}},"line":9},"2":{"name":"(anonymous_2)","decl":{"start":{"line":23,"column":21},"end":{"line":23,"column":22}},"loc":{"start":{"line":23,"column":42},"end":{"line":28,"column":3}},"line":23},"3":{"name":"(anonymous_3)","decl":{"start":{"line":24,"column":44},"end":{"line":24,"column":45}},"loc":{"start":{"line":24,"column":62},"end":{"line":27,"column":5}},"line":24},"4":{"name":"getAllOfferts","decl":{"start":{"line":31,"column":16},"end":{"line":31,"column":29}},"loc":{"start":{"line":31,"column":32},"end":{"line":61,"column":1}},"line":31},"5":{"name":"getFillteredOfferts","decl":{"start":{"line":63,"column":22},"end":{"line":63,"column":41}},"loc":{"start":{"line":63,"column":75},"end":{"line":121,"column":1}},"line":63}},"branchMap":{"0":{"loc":{"start":{"line":10,"column":4},"end":{"line":10,"column":23}},"type":"binary-expr","locations":[{"start":{"line":10,"column":4},"end":{"line":10,"column":15}},{"start":{"line":10,"column":19},"end":{"line":10,"column":23}}],"line":10},"1":{"loc":{"start":{"line":11,"column":4},"end":{"line":11,"column":29}},"type":"binary-expr","locations":[{"start":{"line":11,"column":4},"end":{"line":11,"column":21}},{"start":{"line":11,"column":25},"end":{"line":11,"column":29}}],"line":11},"2":{"loc":{"start":{"line":12,"column":19},"end":{"line":12,"column":42}},"type":"binary-expr","locations":[{"start":{"line":12,"column":19},"end":{"line":12,"column":36}},{"start":{"line":12,"column":40},"end":{"line":12,"column":42}}],"line":12},"3":{"loc":{"start":{"line":13,"column":19},"end":{"line":13,"column":43}},"type":"binary-expr","locations":[{"start":{"line":13,"column":19},"end":{"line":13,"column":37}},{"start":{"line":13,"column":41},"end":{"line":13,"column":43}}],"line":13},"4":{"loc":{"start":{"line":14,"column":19},"end":{"line":14,"column":41}},"type":"binary-expr","locations":[{"start":{"line":14,"column":19},"end":{"line":14,"column":35}},{"start":{"line":14,"column":39},"end":{"line":14,"column":41}}],"line":14},"5":{"loc":{"start":{"line":15,"column":19},"end":{"line":15,"column":43}},"type":"binary-expr","locations":[{"start":{"line":15,"column":19},"end":{"line":15,"column":37}},{"start":{"line":15,"column":41},"end":{"line":15,"column":43}}],"line":15},"6":{"loc":{"start":{"line":16,"column":4},"end":{"line":16,"column":24}},"type":"binary-expr","locations":[{"start":{"line":16,"column":4},"end":{"line":16,"column":16}},{"start":{"line":16,"column":20},"end":{"line":16,"column":24}}],"line":16},"7":{"loc":{"start":{"line":17,"column":4},"end":{"line":17,"column":22}},"type":"binary-expr","locations":[{"start":{"line":17,"column":4},"end":{"line":17,"column":14}},{"start":{"line":17,"column":18},"end":{"line":17,"column":22}}],"line":17},"8":{"loc":{"start":{"line":18,"column":4},"end":{"line":18,"column":21}},"type":"binary-expr","locations":[{"start":{"line":18,"column":4},"end":{"line":18,"column":13}},{"start":{"line":18,"column":17},"end":{"line":18,"column":21}}],"line":18},"9":{"loc":{"start":{"line":19,"column":4},"end":{"line":19,"column":22}},"type":"binary-expr","locations":[{"start":{"line":19,"column":4},"end":{"line":19,"column":14}},{"start":{"line":19,"column":18},"end":{"line":19,"column":22}}],"line":19},"10":{"loc":{"start":{"line":25,"column":6},"end":{"line":25,"column":34}},"type":"if","locations":[{"start":{"line":25,"column":6},"end":{"line":25,"column":34}},{"start":{},"end":{}}],"line":25},"11":{"loc":{"start":{"line":92,"column":2},"end":{"line":95,"column":3}},"type":"if","locations":[{"start":{"line":92,"column":2},"end":{"line":95,"column":3}},{"start":{},"end":{}}],"line":92},"12":{"loc":{"start":{"line":92,"column":6},"end":{"line":92,"column":34}},"type":"binary-expr","locations":[{"start":{"line":92,"column":6},"end":{"line":92,"column":11}},{"start":{"line":92,"column":15},"end":{"line":92,"column":34}}],"line":92},"13":{"loc":{"start":{"line":97,"column":2},"end":{"line":105,"column":3}},"type":"if","locations":[{"start":{"line":97,"column":2},"end":{"line":105,"column":3}},{"start":{},"end":{}}],"line":97},"14":{"loc":{"start":{"line":97,"column":6},"end":{"line":97,"column":44}},"type":"binary-expr","locations":[{"start":{"line":97,"column":6},"end":{"line":97,"column":16}},{"start":{"line":97,"column":20},"end":{"line":97,"column":44}}],"line":97},"15":{"loc":{"start":{"line":98,"column":4},"end":{"line":104,"column":5}},"type":"if","locations":[{"start":{"line":98,"column":4},"end":{"line":104,"column":5}},{"start":{"line":101,"column":11},"end":{"line":104,"column":5}}],"line":98},"16":{"loc":{"start":{"line":107,"column":2},"end":{"line":110,"column":3}},"type":"if","locations":[{"start":{"line":107,"column":2},"end":{"line":110,"column":3}},{"start":{},"end":{}}],"line":107},"17":{"loc":{"start":{"line":107,"column":6},"end":{"line":107,"column":40}},"type":"binary-expr","locations":[{"start":{"line":107,"column":6},"end":{"line":107,"column":14}},{"start":{"line":107,"column":18},"end":{"line":107,"column":40}}],"line":107}},"s":{"0":0,"1":0,"2":0,"3":0,"4":0,"5":0,"6":0,"7":0,"8":1,"9":1,"10":1,"11":1,"12":0,"13":0,"14":1,"15":0,"16":0,"17":0,"18":0,"19":0,"20":1,"21":0,"22":0,"23":1,"24":1,"25":1,"26":1,"27":0,"28":0},"f":{"0":0,"1":0,"2":0,"3":0,"4":1,"5":1},"b":{"0":[0,0],"1":[0,0],"2":[0,0],"3":[0,0],"4":[0,0],"5":[0,0],"6":[0,0],"7":[0,0],"8":[0,0],"9":[0,0],"10":[0,0],"11":[0,1],"12":[1,0],"13":[0,1],"14":[1,0],"15":[0,0],"16":[0,1],"17":[1,0]},"inputSourceMap":null,"_coverageSchema":"1a1c01bbd47fc00a2c39e90264f33305004495a9","hash":"89b998d3b290ae8a4bc45fec18ac3cd25a8bf283"}
}
